<?xml version="1.0" encoding="UTF-8"?>
<testsuite xmlns:xsi="http://www.w3.org/2001/XMLSchema-instance" xsi:noNamespaceSchemaLocation="https://maven.apache.org/surefire/maven-surefire-plugin/xsd/surefire-test-report.xsd" version="3.0.2" name="dev.practice.assessment02.contract.SmokeTest" time="0.042" tests="2" errors="0" skipped="0" failures="0" flakes="0">
  <properties>
[...]
</properties>
  <testcase name="contextStarts" classname="dev.practice.assessment02.contract.SmokeTest" time="0.0">
    <system-out><![CDATA[2026-09-23T11:21:52.542Z DEBUG 14104 --- [cached-catalog] [           main] .b.t.c.SpringBootTestContextBootstrapper : Neither @ContextConfiguration nor @ContextHierarchy found for test class [SmokeTest]: using SpringBootContextLoader
2026-09-23T11:21:52.542Z DEBUG 14104 --- [cached-catalog] [           main] .b.t.c.SpringBootTestContextBootstrapper : Using ContextCustomizerFactory implementations for test class [SmokeTest]: [ImportsContextCustomizerFactory, ExcludeFilterContextCustomizerFactory, HttpGraphQlTesterContextCustomizerFactory, DuplicateJsonObjectContextCustomizerFactory, MockitoContextCustomizerFactory, TestRestTemplateContextCustomizerFactory, WebTestClientContextCustomizerFactory, DisableReactorResourceFactoryGlobalResourcesContextCustomizerFactory, OnFailureConditionReportContextCustomizerFactory, OverrideAutoConfigurationContextCustomizerFactory, ObservabilityContextCustomizerFactory, TypeExcludeFiltersContextCustomizerFactory, PropertyMappingContextCustomizerFactory, WebDriverContextCustomizerFactory, BeanOverrideContextCustomizerFactory, MockServerContainerContextCustomizerFactory, DynamicPropertiesContextCustomizerFactory]
2026-09-23T11:21:52.542Z DEBUG 14104 --- [cached-catalog] [           main] .b.t.c.SpringBootTestContextBootstrapper : Using ContextCustomizers for test class [SmokeTest]: [ImportsContextCustomizer, ExcludeFilterContextCustomizer, DuplicateJsonObjectContextCustomizer, MockitoContextCustomizer, TestRestTemplateContextCustomizer, DisableReactorResourceFactoryGlobalResourcesContextCustomizerCustomizer, OnFailureConditionReportContextCustomizer, DisableObservabilityContextCustomizer, PropertyMappingContextCustomizer, WebDriverContextCustomizer, DynamicPropertiesContextCustomizer]
2026-09-23T11:21:52.542Z  INFO 14104 --- [cached-catalog] [           main] .b.t.c.SpringBootTestContextBootstrapper : Found @SpringBootConfiguration dev.practice.assessment02.CachedCatalogApplication for test class dev.practice.assessment02.contract.SmokeTest
2026-09-23T11:21:52.542Z DEBUG 14104 --- [cached-catalog] [           main] .b.t.c.SpringBootTestContextBootstrapper : Using TestExecutionListeners for test class [SmokeTest]: [ServletTestExecutionListener, DirtiesContextBeforeModesTestExecutionListener, ApplicationEventsTestExecutionListener, MockitoTestExecutionListener, BeanOverrideTestExecutionListener, DependencyInjectionTestExecutionListener, DirtiesContextTestExecutionListener, CommonCachesTestExecutionListener, TransactionalTestExecutionListener, SqlScriptsTestExecutionListener, EventPublishingTestExecutionListener, ResetMocksTestExecutionListener, RestDocsTestExecutionListener, MockRestServiceServerResetTestExecutionListener, MockMvcPrintOnlyOnFailureTestExecutionListener, WebDriverTestExecutionListener, MockWebServiceServerTestExecutionListener, MockitoResetTestExecutionListener]
2026-09-23T11:21:52.542Z DEBUG 14104 --- [cached-catalog] [           main] o.s.jdbc.core.JdbcTemplate               : Executing SQL update [delete from products]
2026-09-23T11:21:52.542Z DEBUG 14104 --- [cached-catalog] [           main] o.s.jdbc.core.JdbcTemplate               : Executing prepared SQL update
2026-09-23T11:21:52.542Z DEBUG 14104 --- [cached-catalog] [           main] o.s.jdbc.core.JdbcTemplate               : Executing prepared SQL statement [insert into products(id,sku,name,category,price_cents,stock) values (?,?,?,?,?,?)]
2026-09-23T11:21:52.542Z DEBUG 14104 --- [cached-catalog] [           main] o.s.jdbc.core.JdbcTemplate               : Executing prepared SQL update
2026-09-23T11:21:52.542Z DEBUG 14104 --- [cached-catalog] [           main] o.s.jdbc.core.JdbcTemplate               : Executing prepared SQL statement [insert into products(id,sku,name,category,price_cents,stock) values (?,?,?,?,?,?)]
2026-09-23T11:21:52.542Z DEBUG 14104 --- [cached-catalog] [           main] o.s.jdbc.core.JdbcTemplate               : Executing prepared SQL update
2026-09-23T11:21:52.542Z DEBUG 14104 --- [cached-catalog] [           main] o.s.jdbc.core.JdbcTemplate               : Executing prepared SQL statement [insert into products(id,sku,name,category,price_cents,stock) values (?,?,?,?,?,?)]
2026-09-23T11:21:52.542Z DEBUG 14104 --- [cached-catalog] [           main] o.s.jdbc.core.JdbcTemplate               : Executing prepared SQL update
2026-09-23T11:21:52.542Z DEBUG 14104 --- [cached-catalog] [           main] o.s.jdbc.core.JdbcTemplate               : Executing prepared SQL statement [insert into products(id,sku,name,category,price_cents,stock) values (?,?,?,?,?,?)]
2026-09-23T11:21:52.542Z DEBUG 14104 --- [cached-catalog] [           main] o.s.jdbc.core.JdbcTemplate               : Executing prepared SQL update
2026-09-23T11:21:52.542Z DEBUG 14104 --- [cached-catalog] [           main] o.s.jdbc.core.JdbcTemplate               : Executing prepared SQL statement [insert into products(id,sku,name,category,price_cents,stock) values (?,?,?,?,?,?)]
2026-09-23T11:21:52.542Z DEBUG 14104 --- [cached-catalog] [           main] o.s.jdbc.core.JdbcTemplate               : Executing prepared SQL update
2026-09-23T11:21:52.542Z DEBUG 14104 --- [cached-catalog] [           main] o.s.jdbc.core.JdbcTemplate               : Executing prepared SQL statement [insert into products(id,sku,name,category,price_cents,stock) values (?,?,?,?,?,?)]
2026-09-23T11:21:52.542Z DEBUG 14104 --- [cached-catalog] [           main] o.s.jdbc.core.JdbcTemplate               : Executing prepared SQL update
2026-09-23T11:21:52.542Z DEBUG 14104 --- [cached-catalog] [           main] o.s.jdbc.core.JdbcTemplate               : Executing prepared SQL statement [insert into products(id,sku,name,category,price_cents,stock) values (?,?,?,?,?,?)]
2026-09-23T11:21:52.542Z DEBUG 14104 --- [cached-catalog] [           main] o.s.jdbc.core.JdbcTemplate               : Executing prepared SQL update
2026-09-23T11:21:52.542Z DEBUG 14104 --- [cached-catalog] [           main] o.s.jdbc.core.JdbcTemplate               : Executing prepared SQL statement [insert into products(id,sku,name,category,price_cents,stock) values (?,?,?,?,?,?)]
2026-09-23T11:21:52.542Z DEBUG 14104 --- [cached-catalog] [           main] o.s.jdbc.core.JdbcTemplate               : Executing prepared SQL update
2026-09-23T11:21:52.542Z DEBUG 14104 --- [cached-catalog] [           main] o.s.jdbc.core.JdbcTemplate               : Executing prepared SQL statement [insert into products(id,sku,name,category,price_cents,stock) values (?,?,?,?,?,?)]
2026-09-23T11:21:52.542Z DEBUG 14104 --- [cached-catalog] [           main] o.s.jdbc.core.JdbcTemplate               : Executing prepared SQL update
2026-09-23T11:21:52.542Z DEBUG 14104 --- [cached-catalog] [           main] o.s.jdbc.core.JdbcTemplate               : Executing prepared SQL statement [insert into products(id,sku,name,category,price_cents,stock) values (?,?,?,?,?,?)]
2026-09-23T11:21:52.542Z DEBUG 14104 --- [cached-catalog] [           main] o.s.jdbc.core.JdbcTemplate               : Executing prepared SQL update
2026-09-23T11:21:52.542Z DEBUG 14104 --- [cached-catalog] [           main] o.s.jdbc.core.JdbcTemplate               : Executing prepared SQL statement [insert into products(id,sku,name,category,price_cents,stock) values (?,?,?,?,?,?)]
2026-09-23T11:21:52.542Z DEBUG 14104 --- [cached-catalog] [           main] o.s.jdbc.core.JdbcTemplate               : Executing prepared SQL update
2026-09-23T11:21:52.542Z DEBUG 14104 --- [cached-catalog] [           main] o.s.jdbc.core.JdbcTemplate               : Executing prepared SQL statement [insert into products(id,sku,name,category,price_cents,stock) values (?,?,?,?,?,?)]
]]></system-out>
  </testcase>
  <testcase name="healthResponds" classname="dev.practice.assessment02.contract.SmokeTest" time="0.035">
    <system-out><![CDATA[2026-09-23T11:21:52.549Z DEBUG 14104 --- [cached-catalog] [           main] o.s.jdbc.core.JdbcTemplate               : Executing SQL update [delete from products]
2026-09-23T11:21:52.549Z DEBUG 14104 --- [cached-catalog] [           main] o.s.jdbc.core.JdbcTemplate               : Executing prepared SQL update
2026-09-23T11:21:52.549Z DEBUG 14104 --- [cached-catalog] [           main] o.s.jdbc.core.JdbcTemplate               : Executing prepared SQL statement [insert into products(id,sku,name,category,price_cents,stock) values (?,?,?,?,?,?)]
2026-09-23T11:21:52.549Z DEBUG 14104 --- [cached-catalog] [           main] o.s.jdbc.core.JdbcTemplate               : Executing prepared SQL update
2026-09-23T11:21:52.549Z DEBUG 14104 --- [cached-catalog] [           main] o.s.jdbc.core.JdbcTemplate               : Executing prepared SQL statement [insert into products(id,sku,name,category,price_cents,stock) values (?,?,?,?,?,?)]
2026-09-23T11:21:52.549Z DEBUG 14104 --- [cached-catalog] [           main] o.s.jdbc.core.JdbcTemplate               : Executing prepared SQL update
2026-09-23T11:21:52.549Z DEBUG 14104 --- [cached-catalog] [           main] o.s.jdbc.core.JdbcTemplate               : Executing prepared SQL statement [insert into products(id,sku,name,category,price_cents,stock) values (?,?,?,?,?,?)]
2026-09-23T11:21:52.549Z DEBUG 14104 --- [cached-catalog] [           main] o.s.jdbc.core.JdbcTemplate               : Executing prepared SQL update
2026-09-23T11:21:52.549Z DEBUG 14104 --- [cached-catalog] [           main] o.s.jdbc.core.JdbcTemplate               : Executing prepared SQL statement [insert into products(id,sku,name,category,price_cents,stock) values (?,?,?,?,?,?)]
2026-09-23T11:21:52.549Z DEBUG 14104 --- [cached-catalog] [           main] o.s.jdbc.core.JdbcTemplate               : Executing prepared SQL update
2026-09-23T11:21:52.549Z DEBUG 14104 --- [cached-catalog] [           main] o.s.jdbc.core.JdbcTemplate               : Executing prepared SQL statement [insert into products(id,sku,name,category,price_cents,stock) values (?,?,?,?,?,?)]
2026-09-23T11:21:52.549Z DEBUG 14104 --- [cached-catalog] [           main] o.s.jdbc.core.JdbcTemplate               : Executing prepared SQL update
2026-09-23T11:21:52.549Z DEBUG 14104 --- [cached-catalog] [           main] o.s.jdbc.core.JdbcTemplate               : Executing prepared SQL statement [insert into products(id,sku,name,category,price_cents,stock) values (?,?,?,?,?,?)]
2026-09-23T11:21:52.549Z DEBUG 14104 --- [cached-catalog] [           main] o.s.jdbc.core.JdbcTemplate               : Executing prepared SQL update
2026-09-23T11:21:52.549Z DEBUG 14104 --- [cached-catalog] [           main] o.s.jdbc.core.JdbcTemplate               : Executing prepared SQL statement [insert into products(id,sku,name,category,price_cents,stock) values (?,?,?,?,?,?)]
2026-09-23T11:21:52.549Z DEBUG 14104 --- [cached-catalog] [           main] o.s.jdbc.core.JdbcTemplate               : Executing prepared SQL update
2026-09-23T11:21:52.549Z DEBUG 14104 --- [cached-catalog] [           main] o.s.jdbc.core.JdbcTemplate               : Executing prepared SQL statement [insert into products(id,sku,name,category,price_cents,stock) values (?,?,?,?,?,?)]
2026-09-23T11:21:52.549Z DEBUG 14104 --- [cached-catalog] [           main] o.s.jdbc.core.JdbcTemplate               : Executing prepared SQL update
2026-09-23T11:21:52.549Z DEBUG 14104 --- [cached-catalog] [           main] o.s.jdbc.core.JdbcTemplate               : Executing prepared SQL statement [insert into products(id,sku,name,category,price_cents,stock) values (?,?,?,?,?,?)]
2026-09-23T11:21:52.549Z DEBUG 14104 --- [cached-catalog] [           main] o.s.jdbc.core.JdbcTemplate               : Executing prepared SQL update
2026-09-23T11:21:52.549Z DEBUG 14104 --- [cached-catalog] [           main] o.s.jdbc.core.JdbcTemplate               : Executing prepared SQL statement [insert into products(id,sku,name,category,price_cents,stock) values (?,?,?,?,?,?)]
2026-09-23T11:21:52.549Z DEBUG 14104 --- [cached-catalog] [           main] o.s.jdbc.core.JdbcTemplate               : Executing prepared SQL update
2026-09-23T11:21:52.549Z DEBUG 14104 --- [cached-catalog] [           main] o.s.jdbc.core.JdbcTemplate               : Executing prepared SQL statement [insert into products(id,sku,name,category,price_cents,stock) values (?,?,?,?,?,?)]
2026-09-23T11:21:52.549Z DEBUG 14104 --- [cached-catalog] [           main] o.s.jdbc.core.JdbcTemplate               : Executing prepared SQL update
2026-09-23T11:21:52.549Z DEBUG 14104 --- [cached-catalog] [           main] o.s.jdbc.core.JdbcTemplate               : Executing prepared SQL statement [insert into products(id,sku,name,category,price_cents,stock) values (?,?,?,?,?,?)]
2026-09-23T11:21:52.549Z DEBUG 14104 --- [cached-catalog] [           main] s.w.s.m.m.a.RequestMappingHandlerMapping : Mapped to dev.practice.assessment02.health.HealthController#health()
2026-09-23T11:21:52.563Z DEBUG 14104 --- [cached-catalog] [           main] m.m.a.RequestResponseBodyMethodProcessor : Using 'application/json', given [*/*] and supported [application/json, application/*+json]
2026-09-23T11:21:52.563Z DEBUG 14104 --- [cached-catalog] [           main] m.m.a.RequestResponseBodyMethodProcessor : Writing [{status=UP}]
]]></system-out>
  </testcase>
</testsuite>