<?xml version="1.0" encoding="UTF-8"?>
<testsuite xmlns:xsi="http://www.w3.org/2001/XMLSchema-instance" xsi:noNamespaceSchemaLocation="https://maven.apache.org/surefire/maven-surefire-plugin/xsd/surefire-test-report.xsd" version="3.0.2" name="dev.practice.assessment02.contract.CatalogPublicContractTest" time="0.232" tests="15" errors="0" skipped="0" failures="0" flakes="0">
  <properties>
[...]
</properties>
  <testcase name="a2_01" classname="dev.practice.assessment02.contract.CatalogPublicContractTest" time="0.022">
    <system-out><![CDATA[2026-09-23T11:21:52.303Z DEBUG 14104 --- [cached-catalog] [           main] .b.t.c.SpringBootTestContextBootstrapper : Neither @ContextConfiguration nor @ContextHierarchy found for test class [CatalogPublicContractTest]: using SpringBootContextLoader
2026-09-23T11:21:52.306Z DEBUG 14104 --- [cached-catalog] [           main] .b.t.c.SpringBootTestContextBootstrapper : Using ContextCustomizerFactory implementations for test class [CatalogPublicContractTest]: [ImportsContextCustomizerFactory, ExcludeFilterContextCustomizerFactory, HttpGraphQlTesterContextCustomizerFactory, DuplicateJsonObjectContextCustomizerFactory, MockitoContextCustomizerFactory, TestRestTemplateContextCustomizerFactory, WebTestClientContextCustomizerFactory, DisableReactorResourceFactoryGlobalResourcesContextCustomizerFactory, OnFailureConditionReportContextCustomizerFactory, OverrideAutoConfigurationContextCustomizerFactory, ObservabilityContextCustomizerFactory, TypeExcludeFiltersContextCustomizerFactory, PropertyMappingContextCustomizerFactory, WebDriverContextCustomizerFactory, BeanOverrideContextCustomizerFactory, MockServerContainerContextCustomizerFactory, DynamicPropertiesContextCustomizerFactory]
2026-09-23T11:21:52.306Z DEBUG 14104 --- [cached-catalog] [           main] .b.t.c.SpringBootTestContextBootstrapper : Using ContextCustomizers for test class [CatalogPublicContractTest]: [ImportsContextCustomizer, ExcludeFilterContextCustomizer, DuplicateJsonObjectContextCustomizer, MockitoContextCustomizer, TestRestTemplateContextCustomizer, DisableReactorResourceFactoryGlobalResourcesContextCustomizerCustomizer, OnFailureConditionReportContextCustomizer, DisableObservabilityContextCustomizer, PropertyMappingContextCustomizer, WebDriverContextCustomizer, DynamicPropertiesContextCustomizer]
2026-09-23T11:21:52.306Z  INFO 14104 --- [cached-catalog] [           main] .b.t.c.SpringBootTestContextBootstrapper : Found @SpringBootConfiguration dev.practice.assessment02.CachedCatalogApplication for test class dev.practice.assessment02.contract.CatalogPublicContractTest
2026-09-23T11:21:52.310Z DEBUG 14104 --- [cached-catalog] [           main] .b.t.c.SpringBootTestContextBootstrapper : Using TestExecutionListeners for test class [CatalogPublicContractTest]: [ServletTestExecutionListener, DirtiesContextBeforeModesTestExecutionListener, ApplicationEventsTestExecutionListener, MockitoTestExecutionListener, BeanOverrideTestExecutionListener, DependencyInjectionTestExecutionListener, DirtiesContextTestExecutionListener, CommonCachesTestExecutionListener, TransactionalTestExecutionListener, SqlScriptsTestExecutionListener, EventPublishingTestExecutionListener, ResetMocksTestExecutionListener, RestDocsTestExecutionListener, MockRestServiceServerResetTestExecutionListener, MockMvcPrintOnlyOnFailureTestExecutionListener, WebDriverTestExecutionListener, MockWebServiceServerTestExecutionListener, MockitoResetTestExecutionListener]
2026-09-23T11:21:52.315Z DEBUG 14104 --- [cached-catalog] [           main] o.s.jdbc.core.JdbcTemplate               : Executing SQL update [delete from products]
2026-09-23T11:21:52.317Z DEBUG 14104 --- [cached-catalog] [           main] o.s.jdbc.core.JdbcTemplate               : Executing prepared SQL update
2026-09-23T11:21:52.317Z DEBUG 14104 --- [cached-catalog] [           main] o.s.jdbc.core.JdbcTemplate               : Executing prepared SQL statement [insert into products(id,sku,name,category,price_cents,stock) values (?,?,?,?,?,?)]
2026-09-23T11:21:52.317Z DEBUG 14104 --- [cached-catalog] [           main] o.s.jdbc.core.JdbcTemplate               : Executing prepared SQL update
2026-09-23T11:21:52.317Z DEBUG 14104 --- [cached-catalog] [           main] o.s.jdbc.core.JdbcTemplate               : Executing prepared SQL statement [insert into products(id,sku,name,category,price_cents,stock) values (?,?,?,?,?,?)]
2026-09-23T11:21:52.317Z DEBUG 14104 --- [cached-catalog] [           main] o.s.jdbc.core.JdbcTemplate               : Executing prepared SQL update
2026-09-23T11:21:52.317Z DEBUG 14104 --- [cached-catalog] [           main] o.s.jdbc.core.JdbcTemplate               : Executing prepared SQL statement [insert into products(id,sku,name,category,price_cents,stock) values (?,?,?,?,?,?)]
2026-09-23T11:21:52.319Z DEBUG 14104 --- [cached-catalog] [           main] o.s.jdbc.core.JdbcTemplate               : Executing prepared SQL update
2026-09-23T11:21:52.319Z DEBUG 14104 --- [cached-catalog] [           main] o.s.jdbc.core.JdbcTemplate               : Executing prepared SQL statement [insert into products(id,sku,name,category,price_cents,stock) values (?,?,?,?,?,?)]
2026-09-23T11:21:52.319Z DEBUG 14104 --- [cached-catalog] [           main] o.s.jdbc.core.JdbcTemplate               : Executing prepared SQL update
2026-09-23T11:21:52.319Z DEBUG 14104 --- [cached-catalog] [           main] o.s.jdbc.core.JdbcTemplate               : Executing prepared SQL statement [insert into products(id,sku,name,category,price_cents,stock) values (?,?,?,?,?,?)]
2026-09-23T11:21:52.320Z DEBUG 14104 --- [cached-catalog] [           main] o.s.jdbc.core.JdbcTemplate               : Executing prepared SQL update
2026-09-23T11:21:52.320Z DEBUG 14104 --- [cached-catalog] [           main] o.s.jdbc.core.JdbcTemplate               : Executing prepared SQL statement [insert into products(id,sku,name,category,price_cents,stock) values (?,?,?,?,?,?)]
2026-09-23T11:21:52.320Z DEBUG 14104 --- [cached-catalog] [           main] o.s.jdbc.core.JdbcTemplate               : Executing prepared SQL update
2026-09-23T11:21:52.320Z DEBUG 14104 --- [cached-catalog] [           main] o.s.jdbc.core.JdbcTemplate               : Executing prepared SQL statement [insert into products(id,sku,name,category,price_cents,stock) values (?,?,?,?,?,?)]
2026-09-23T11:21:52.320Z DEBUG 14104 --- [cached-catalog] [           main] o.s.jdbc.core.JdbcTemplate               : Executing prepared SQL update
2026-09-23T11:21:52.320Z DEBUG 14104 --- [cached-catalog] [           main] o.s.jdbc.core.JdbcTemplate               : Executing prepared SQL statement [insert into products(id,sku,name,category,price_cents,stock) values (?,?,?,?,?,?)]
2026-09-23T11:21:52.322Z DEBUG 14104 --- [cached-catalog] [           main] o.s.jdbc.core.JdbcTemplate               : Executing prepared SQL update
2026-09-23T11:21:52.322Z DEBUG 14104 --- [cached-catalog] [           main] o.s.jdbc.core.JdbcTemplate               : Executing prepared SQL statement [insert into products(id,sku,name,category,price_cents,stock) values (?,?,?,?,?,?)]
2026-09-23T11:21:52.322Z DEBUG 14104 --- [cached-catalog] [           main] o.s.jdbc.core.JdbcTemplate               : Executing prepared SQL update
2026-09-23T11:21:52.322Z DEBUG 14104 --- [cached-catalog] [           main] o.s.jdbc.core.JdbcTemplate               : Executing prepared SQL statement [insert into products(id,sku,name,category,price_cents,stock) values (?,?,?,?,?,?)]
2026-09-23T11:21:52.322Z DEBUG 14104 --- [cached-catalog] [           main] o.s.jdbc.core.JdbcTemplate               : Executing prepared SQL update
2026-09-23T11:21:52.322Z DEBUG 14104 --- [cached-catalog] [           main] o.s.jdbc.core.JdbcTemplate               : Executing prepared SQL statement [insert into products(id,sku,name,category,price_cents,stock) values (?,?,?,?,?,?)]
2026-09-23T11:21:52.322Z DEBUG 14104 --- [cached-catalog] [           main] o.s.jdbc.core.JdbcTemplate               : Executing prepared SQL update
2026-09-23T11:21:52.322Z DEBUG 14104 --- [cached-catalog] [           main] o.s.jdbc.core.JdbcTemplate               : Executing prepared SQL statement [insert into products(id,sku,name,category,price_cents,stock) values (?,?,?,?,?,?)]
2026-09-23T11:21:52.324Z DEBUG 14104 --- [cached-catalog] [           main] s.w.s.m.m.a.RequestMappingHandlerMapping : Mapped to dev.practice.assessment02.controller.ProductSearchController#search(Map)
2026-09-23T11:21:52.324Z DEBUG 14104 --- [cached-catalog] [           main] org.hibernate.SQL                        : select p1_0.id,p1_0.category,p1_0.name,p1_0.price_cents,p1_0.sku,p1_0.stock from products p1_0 order by p1_0.price_cents,p1_0.id offset ? rows fetch first ? rows only
2026-09-23T11:21:52.327Z DEBUG 14104 --- [cached-catalog] [           main] org.hibernate.SQL                        : select count(p1_0.id) from products p1_0
2026-09-23T11:21:52.327Z DEBUG 14104 --- [cached-catalog] [           main] m.m.a.RequestResponseBodyMethodProcessor : Using 'application/json', given [*/*] and supported [application/json, application/*+json]
2026-09-23T11:21:52.327Z DEBUG 14104 --- [cached-catalog] [           main] m.m.a.RequestResponseBodyMethodProcessor : Writing [CatalogPageResponse[content=[ProductResponse[id=107, sku=PN-01, name=Gel Pen, category=stationery, p (truncated)...]
]]></system-out>
  </testcase>
  <testcase name="a2_02" classname="dev.practice.assessment02.contract.CatalogPublicContractTest" time="0.016">
    <system-out><![CDATA[2026-09-23T11:21:52.336Z DEBUG 14104 --- [cached-catalog] [           main] o.s.jdbc.core.JdbcTemplate               : Executing SQL update [delete from products]
2026-09-23T11:21:52.336Z DEBUG 14104 --- [cached-catalog] [           main] o.s.jdbc.core.JdbcTemplate               : Executing prepared SQL update
2026-09-23T11:21:52.336Z DEBUG 14104 --- [cached-catalog] [           main] o.s.jdbc.core.JdbcTemplate               : Executing prepared SQL statement [insert into products(id,sku,name,category,price_cents,stock) values (?,?,?,?,?,?)]
2026-09-23T11:21:52.336Z DEBUG 14104 --- [cached-catalog] [           main] o.s.jdbc.core.JdbcTemplate               : Executing prepared SQL update
2026-09-23T11:21:52.336Z DEBUG 14104 --- [cached-catalog] [           main] o.s.jdbc.core.JdbcTemplate               : Executing prepared SQL statement [insert into products(id,sku,name,category,price_cents,stock) values (?,?,?,?,?,?)]
2026-09-23T11:21:52.336Z DEBUG 14104 --- [cached-catalog] [           main] o.s.jdbc.core.JdbcTemplate               : Executing prepared SQL update
2026-09-23T11:21:52.336Z DEBUG 14104 --- [cached-catalog] [           main] o.s.jdbc.core.JdbcTemplate               : Executing prepared SQL statement [insert into products(id,sku,name,category,price_cents,stock) values (?,?,?,?,?,?)]
2026-09-23T11:21:52.336Z DEBUG 14104 --- [cached-catalog] [           main] o.s.jdbc.core.JdbcTemplate               : Executing prepared SQL update
2026-09-23T11:21:52.336Z DEBUG 14104 --- [cached-catalog] [           main] o.s.jdbc.core.JdbcTemplate               : Executing prepared SQL statement [insert into products(id,sku,name,category,price_cents,stock) values (?,?,?,?,?,?)]
2026-09-23T11:21:52.336Z DEBUG 14104 --- [cached-catalog] [           main] o.s.jdbc.core.JdbcTemplate               : Executing prepared SQL update
2026-09-23T11:21:52.336Z DEBUG 14104 --- [cached-catalog] [           main] o.s.jdbc.core.JdbcTemplate               : Executing prepared SQL statement [insert into products(id,sku,name,category,price_cents,stock) values (?,?,?,?,?,?)]
2026-09-23T11:21:52.336Z DEBUG 14104 --- [cached-catalog] [           main] o.s.jdbc.core.JdbcTemplate               : Executing prepared SQL update
2026-09-23T11:21:52.336Z DEBUG 14104 --- [cached-catalog] [           main] o.s.jdbc.core.JdbcTemplate               : Executing prepared SQL statement [insert into products(id,sku,name,category,price_cents,stock) values (?,?,?,?,?,?)]
2026-09-23T11:21:52.338Z DEBUG 14104 --- [cached-catalog] [           main] o.s.jdbc.core.JdbcTemplate               : Executing prepared SQL update
2026-09-23T11:21:52.338Z DEBUG 14104 --- [cached-catalog] [           main] o.s.jdbc.core.JdbcTemplate               : Executing prepared SQL statement [insert into products(id,sku,name,category,price_cents,stock) values (?,?,?,?,?,?)]
2026-09-23T11:21:52.338Z DEBUG 14104 --- [cached-catalog] [           main] o.s.jdbc.core.JdbcTemplate               : Executing prepared SQL update
2026-09-23T11:21:52.338Z DEBUG 14104 --- [cached-catalog] [           main] o.s.jdbc.core.JdbcTemplate               : Executing prepared SQL statement [insert into products(id,sku,name,category,price_cents,stock) values (?,?,?,?,?,?)]
2026-09-23T11:21:52.338Z DEBUG 14104 --- [cached-catalog] [           main] o.s.jdbc.core.JdbcTemplate               : Executing prepared SQL update
2026-09-23T11:21:52.338Z DEBUG 14104 --- [cached-catalog] [           main] o.s.jdbc.core.JdbcTemplate               : Executing prepared SQL statement [insert into products(id,sku,name,category,price_cents,stock) values (?,?,?,?,?,?)]
2026-09-23T11:21:52.338Z DEBUG 14104 --- [cached-catalog] [           main] o.s.jdbc.core.JdbcTemplate               : Executing prepared SQL update
2026-09-23T11:21:52.340Z DEBUG 14104 --- [cached-catalog] [           main] o.s.jdbc.core.JdbcTemplate               : Executing prepared SQL statement [insert into products(id,sku,name,category,price_cents,stock) values (?,?,?,?,?,?)]
2026-09-23T11:21:52.341Z DEBUG 14104 --- [cached-catalog] [           main] o.s.jdbc.core.JdbcTemplate               : Executing prepared SQL update
2026-09-23T11:21:52.341Z DEBUG 14104 --- [cached-catalog] [           main] o.s.jdbc.core.JdbcTemplate               : Executing prepared SQL statement [insert into products(id,sku,name,category,price_cents,stock) values (?,?,?,?,?,?)]
2026-09-23T11:21:52.341Z DEBUG 14104 --- [cached-catalog] [           main] o.s.jdbc.core.JdbcTemplate               : Executing prepared SQL update
2026-09-23T11:21:52.341Z DEBUG 14104 --- [cached-catalog] [           main] o.s.jdbc.core.JdbcTemplate               : Executing prepared SQL statement [insert into products(id,sku,name,category,price_cents,stock) values (?,?,?,?,?,?)]
2026-09-23T11:21:52.341Z DEBUG 14104 --- [cached-catalog] [           main] s.w.s.m.m.a.RequestMappingHandlerMapping : Mapped to dev.practice.assessment02.controller.ProductSearchController#search(Map)
2026-09-23T11:21:52.343Z DEBUG 14104 --- [cached-catalog] [           main] org.hibernate.SQL                        : select p1_0.id,p1_0.category,p1_0.name,p1_0.price_cents,p1_0.sku,p1_0.stock from products p1_0 where (locate(?,lower(p1_0.name))>0 and lower(p1_0.category)=?) order by p1_0.price_cents,p1_0.id offset ? rows fetch first ? rows only
2026-09-23T11:21:52.343Z DEBUG 14104 --- [cached-catalog] [           main] org.hibernate.SQL                        : select count(p1_0.id) from products p1_0 where (locate(?,lower(p1_0.name))>0 and lower(p1_0.category)=?)
2026-09-23T11:21:52.343Z DEBUG 14104 --- [cached-catalog] [           main] m.m.a.RequestResponseBodyMethodProcessor : Using 'application/json', given [*/*] and supported [application/json, application/*+json]
2026-09-23T11:21:52.343Z DEBUG 14104 --- [cached-catalog] [           main] m.m.a.RequestResponseBodyMethodProcessor : Writing [CatalogPageResponse[content=[ProductResponse[id=112, sku=KB-03, name=Keyboard Cover, category=access (truncated)...]
]]></system-out>
  </testcase>
  <testcase name="a2_03" classname="dev.practice.assessment02.contract.CatalogPublicContractTest" time="0.011">
    <system-out><![CDATA[2026-09-23T11:21:52.352Z DEBUG 14104 --- [cached-catalog] [           main] o.s.jdbc.core.JdbcTemplate               : Executing SQL update [delete from products]
2026-09-23T11:21:52.352Z DEBUG 14104 --- [cached-catalog] [           main] o.s.jdbc.core.JdbcTemplate               : Executing prepared SQL update
2026-09-23T11:21:52.352Z DEBUG 14104 --- [cached-catalog] [           main] o.s.jdbc.core.JdbcTemplate               : Executing prepared SQL statement [insert into products(id,sku,name,category,price_cents,stock) values (?,?,?,?,?,?)]
2026-09-23T11:21:52.352Z DEBUG 14104 --- [cached-catalog] [           main] o.s.jdbc.core.JdbcTemplate               : Executing prepared SQL update
2026-09-23T11:21:52.352Z DEBUG 14104 --- [cached-catalog] [           main] o.s.jdbc.core.JdbcTemplate               : Executing prepared SQL statement [insert into products(id,sku,name,category,price_cents,stock) values (?,?,?,?,?,?)]
2026-09-23T11:21:52.352Z DEBUG 14104 --- [cached-catalog] [           main] o.s.jdbc.core.JdbcTemplate               : Executing prepared SQL update
2026-09-23T11:21:52.352Z DEBUG 14104 --- [cached-catalog] [           main] o.s.jdbc.core.JdbcTemplate               : Executing prepared SQL statement [insert into products(id,sku,name,category,price_cents,stock) values (?,?,?,?,?,?)]
2026-09-23T11:21:52.354Z DEBUG 14104 --- [cached-catalog] [           main] o.s.jdbc.core.JdbcTemplate               : Executing prepared SQL update
2026-09-23T11:21:52.354Z DEBUG 14104 --- [cached-catalog] [           main] o.s.jdbc.core.JdbcTemplate               : Executing prepared SQL statement [insert into products(id,sku,name,category,price_cents,stock) values (?,?,?,?,?,?)]
2026-09-23T11:21:52.354Z DEBUG 14104 --- [cached-catalog] [           main] o.s.jdbc.core.JdbcTemplate               : Executing prepared SQL update
2026-09-23T11:21:52.354Z DEBUG 14104 --- [cached-catalog] [           main] o.s.jdbc.core.JdbcTemplate               : Executing prepared SQL statement [insert into products(id,sku,name,category,price_cents,stock) values (?,?,?,?,?,?)]
2026-09-23T11:21:52.354Z DEBUG 14104 --- [cached-catalog] [           main] o.s.jdbc.core.JdbcTemplate               : Executing prepared SQL update
2026-09-23T11:21:52.354Z DEBUG 14104 --- [cached-catalog] [           main] o.s.jdbc.core.JdbcTemplate               : Executing prepared SQL statement [insert into products(id,sku,name,category,price_cents,stock) values (?,?,?,?,?,?)]
2026-09-23T11:21:52.354Z DEBUG 14104 --- [cached-catalog] [           main] o.s.jdbc.core.JdbcTemplate               : Executing prepared SQL update
2026-09-23T11:21:52.354Z DEBUG 14104 --- [cached-catalog] [           main] o.s.jdbc.core.JdbcTemplate               : Executing prepared SQL statement [insert into products(id,sku,name,category,price_cents,stock) values (?,?,?,?,?,?)]
2026-09-23T11:21:52.354Z DEBUG 14104 --- [cached-catalog] [           main] o.s.jdbc.core.JdbcTemplate               : Executing prepared SQL update
2026-09-23T11:21:52.354Z DEBUG 14104 --- [cached-catalog] [           main] o.s.jdbc.core.JdbcTemplate               : Executing prepared SQL statement [insert into products(id,sku,name,category,price_cents,stock) values (?,?,?,?,?,?)]
2026-09-23T11:21:52.354Z DEBUG 14104 --- [cached-catalog] [           main] o.s.jdbc.core.JdbcTemplate               : Executing prepared SQL update
2026-09-23T11:21:52.354Z DEBUG 14104 --- [cached-catalog] [           main] o.s.jdbc.core.JdbcTemplate               : Executing prepared SQL statement [insert into products(id,sku,name,category,price_cents,stock) values (?,?,?,?,?,?)]
2026-09-23T11:21:52.354Z DEBUG 14104 --- [cached-catalog] [           main] o.s.jdbc.core.JdbcTemplate               : Executing prepared SQL update
2026-09-23T11:21:52.354Z DEBUG 14104 --- [cached-catalog] [           main] o.s.jdbc.core.JdbcTemplate               : Executing prepared SQL statement [insert into products(id,sku,name,category,price_cents,stock) values (?,?,?,?,?,?)]
2026-09-23T11:21:52.354Z DEBUG 14104 --- [cached-catalog] [           main] o.s.jdbc.core.JdbcTemplate               : Executing prepared SQL update
2026-09-23T11:21:52.354Z DEBUG 14104 --- [cached-catalog] [           main] o.s.jdbc.core.JdbcTemplate               : Executing prepared SQL statement [insert into products(id,sku,name,category,price_cents,stock) values (?,?,?,?,?,?)]
2026-09-23T11:21:52.354Z DEBUG 14104 --- [cached-catalog] [           main] o.s.jdbc.core.JdbcTemplate               : Executing prepared SQL update
2026-09-23T11:21:52.354Z DEBUG 14104 --- [cached-catalog] [           main] o.s.jdbc.core.JdbcTemplate               : Executing prepared SQL statement [insert into products(id,sku,name,category,price_cents,stock) values (?,?,?,?,?,?)]
2026-09-23T11:21:52.357Z DEBUG 14104 --- [cached-catalog] [           main] s.w.s.m.m.a.RequestMappingHandlerMapping : Mapped to dev.practice.assessment02.controller.ProductSearchController#search(Map)
2026-09-23T11:21:52.357Z DEBUG 14104 --- [cached-catalog] [           main] org.hibernate.SQL                        : select p1_0.id,p1_0.category,p1_0.name,p1_0.price_cents,p1_0.sku,p1_0.stock from products p1_0 order by p1_0.price_cents,p1_0.id offset ? rows fetch first ? rows only
2026-09-23T11:21:52.357Z DEBUG 14104 --- [cached-catalog] [           main] org.hibernate.SQL                        : select count(p1_0.id) from products p1_0
2026-09-23T11:21:52.361Z DEBUG 14104 --- [cached-catalog] [           main] m.m.a.RequestResponseBodyMethodProcessor : Using 'application/json', given [*/*] and supported [application/json, application/*+json]
2026-09-23T11:21:52.361Z DEBUG 14104 --- [cached-catalog] [           main] m.m.a.RequestResponseBodyMethodProcessor : Writing [CatalogPageResponse[content=[ProductResponse[id=107, sku=PN-01, name=Gel Pen, category=stationery, p (truncated)...]
2026-09-23T11:21:52.361Z DEBUG 14104 --- [cached-catalog] [           main] s.w.s.m.m.a.RequestMappingHandlerMapping : Mapped to dev.practice.assessment02.controller.ProductSearchController#search(Map)
2026-09-23T11:21:52.361Z DEBUG 14104 --- [cached-catalog] [           main] org.hibernate.SQL                        : select p1_0.id,p1_0.category,p1_0.name,p1_0.price_cents,p1_0.sku,p1_0.stock from products p1_0 where lower(p1_0.category)=? order by p1_0.price_cents,p1_0.id offset ? rows fetch first ? rows only
2026-09-23T11:21:52.361Z DEBUG 14104 --- [cached-catalog] [           main] org.hibernate.SQL                        : select count(p1_0.id) from products p1_0 where lower(p1_0.category)=?
2026-09-23T11:21:52.361Z DEBUG 14104 --- [cached-catalog] [           main] m.m.a.RequestResponseBodyMethodProcessor : Using 'application/json', given [*/*] and supported [application/json, application/*+json]
2026-09-23T11:21:52.361Z DEBUG 14104 --- [cached-catalog] [           main] m.m.a.RequestResponseBodyMethodProcessor : Writing [CatalogPageResponse[content=[], page=0, size=5, totalElements=0, totalPages=0, first=true, last=true (truncated)...]
]]></system-out>
  </testcase>
  <testcase name="a2_04" classname="dev.practice.assessment02.contract.CatalogPublicContractTest" time="0.007">
    <system-out><![CDATA[2026-09-23T11:21:52.368Z DEBUG 14104 --- [cached-catalog] [           main] o.s.jdbc.core.JdbcTemplate               : Executing SQL update [delete from products]
2026-09-23T11:21:52.368Z DEBUG 14104 --- [cached-catalog] [           main] o.s.jdbc.core.JdbcTemplate               : Executing prepared SQL update
2026-09-23T11:21:52.368Z DEBUG 14104 --- [cached-catalog] [           main] o.s.jdbc.core.JdbcTemplate               : Executing prepared SQL statement [insert into products(id,sku,name,category,price_cents,stock) values (?,?,?,?,?,?)]
2026-09-23T11:21:52.368Z DEBUG 14104 --- [cached-catalog] [           main] o.s.jdbc.core.JdbcTemplate               : Executing prepared SQL update
2026-09-23T11:21:52.368Z DEBUG 14104 --- [cached-catalog] [           main] o.s.jdbc.core.JdbcTemplate               : Executing prepared SQL statement [insert into products(id,sku,name,category,price_cents,stock) values (?,?,?,?,?,?)]
2026-09-23T11:21:52.368Z DEBUG 14104 --- [cached-catalog] [           main] o.s.jdbc.core.JdbcTemplate               : Executing prepared SQL update
2026-09-23T11:21:52.368Z DEBUG 14104 --- [cached-catalog] [           main] o.s.jdbc.core.JdbcTemplate               : Executing prepared SQL statement [insert into products(id,sku,name,category,price_cents,stock) values (?,?,?,?,?,?)]
2026-09-23T11:21:52.368Z DEBUG 14104 --- [cached-catalog] [           main] o.s.jdbc.core.JdbcTemplate               : Executing prepared SQL update
2026-09-23T11:21:52.368Z DEBUG 14104 --- [cached-catalog] [           main] o.s.jdbc.core.JdbcTemplate               : Executing prepared SQL statement [insert into products(id,sku,name,category,price_cents,stock) values (?,?,?,?,?,?)]
2026-09-23T11:21:52.368Z DEBUG 14104 --- [cached-catalog] [           main] o.s.jdbc.core.JdbcTemplate               : Executing prepared SQL update
2026-09-23T11:21:52.368Z DEBUG 14104 --- [cached-catalog] [           main] o.s.jdbc.core.JdbcTemplate               : Executing prepared SQL statement [insert into products(id,sku,name,category,price_cents,stock) values (?,?,?,?,?,?)]
2026-09-23T11:21:52.368Z DEBUG 14104 --- [cached-catalog] [           main] o.s.jdbc.core.JdbcTemplate               : Executing prepared SQL update
2026-09-23T11:21:52.368Z DEBUG 14104 --- [cached-catalog] [           main] o.s.jdbc.core.JdbcTemplate               : Executing prepared SQL statement [insert into products(id,sku,name,category,price_cents,stock) values (?,?,?,?,?,?)]
2026-09-23T11:21:52.368Z DEBUG 14104 --- [cached-catalog] [           main] o.s.jdbc.core.JdbcTemplate               : Executing prepared SQL update
2026-09-23T11:21:52.368Z DEBUG 14104 --- [cached-catalog] [           main] o.s.jdbc.core.JdbcTemplate               : Executing prepared SQL statement [insert into products(id,sku,name,category,price_cents,stock) values (?,?,?,?,?,?)]
2026-09-23T11:21:52.368Z DEBUG 14104 --- [cached-catalog] [           main] o.s.jdbc.core.JdbcTemplate               : Executing prepared SQL update
2026-09-23T11:21:52.368Z DEBUG 14104 --- [cached-catalog] [           main] o.s.jdbc.core.JdbcTemplate               : Executing prepared SQL statement [insert into products(id,sku,name,category,price_cents,stock) values (?,?,?,?,?,?)]
2026-09-23T11:21:52.368Z DEBUG 14104 --- [cached-catalog] [           main] o.s.jdbc.core.JdbcTemplate               : Executing prepared SQL update
2026-09-23T11:21:52.368Z DEBUG 14104 --- [cached-catalog] [           main] o.s.jdbc.core.JdbcTemplate               : Executing prepared SQL statement [insert into products(id,sku,name,category,price_cents,stock) values (?,?,?,?,?,?)]
2026-09-23T11:21:52.368Z DEBUG 14104 --- [cached-catalog] [           main] o.s.jdbc.core.JdbcTemplate               : Executing prepared SQL update
2026-09-23T11:21:52.368Z DEBUG 14104 --- [cached-catalog] [           main] o.s.jdbc.core.JdbcTemplate               : Executing prepared SQL statement [insert into products(id,sku,name,category,price_cents,stock) values (?,?,?,?,?,?)]
2026-09-23T11:21:52.368Z DEBUG 14104 --- [cached-catalog] [           main] o.s.jdbc.core.JdbcTemplate               : Executing prepared SQL update
2026-09-23T11:21:52.368Z DEBUG 14104 --- [cached-catalog] [           main] o.s.jdbc.core.JdbcTemplate               : Executing prepared SQL statement [insert into products(id,sku,name,category,price_cents,stock) values (?,?,?,?,?,?)]
2026-09-23T11:21:52.368Z DEBUG 14104 --- [cached-catalog] [           main] o.s.jdbc.core.JdbcTemplate               : Executing prepared SQL update
2026-09-23T11:21:52.368Z DEBUG 14104 --- [cached-catalog] [           main] o.s.jdbc.core.JdbcTemplate               : Executing prepared SQL statement [insert into products(id,sku,name,category,price_cents,stock) values (?,?,?,?,?,?)]
2026-09-23T11:21:52.368Z DEBUG 14104 --- [cached-catalog] [           main] s.w.s.m.m.a.RequestMappingHandlerMapping : Mapped to dev.practice.assessment02.controller.ProductSearchController#search(Map)
2026-09-23T11:21:52.368Z DEBUG 14104 --- [cached-catalog] [           main] org.hibernate.SQL                        : select p1_0.id,p1_0.category,p1_0.name,p1_0.price_cents,p1_0.sku,p1_0.stock from products p1_0 where (locate(?,lower(p1_0.name))>0 and lower(p1_0.category)=?) order by p1_0.price_cents,p1_0.id offset ? rows fetch first ? rows only
2026-09-23T11:21:52.368Z DEBUG 14104 --- [cached-catalog] [           main] org.hibernate.SQL                        : select count(p1_0.id) from products p1_0 where (locate(?,lower(p1_0.name))>0 and lower(p1_0.category)=?)
2026-09-23T11:21:52.368Z DEBUG 14104 --- [cached-catalog] [           main] m.m.a.RequestResponseBodyMethodProcessor : Using 'application/json', given [*/*] and supported [application/json, application/*+json]
2026-09-23T11:21:52.368Z DEBUG 14104 --- [cached-catalog] [           main] m.m.a.RequestResponseBodyMethodProcessor : Writing [CatalogPageResponse[content=[ProductResponse[id=103, sku=MS-01, name=Wireless Mouse, category=electr (truncated)...]
]]></system-out>
  </testcase>
  <testcase name="a2_05" classname="dev.practice.assessment02.contract.CatalogPublicContractTest" time="0.016">
    <system-out><![CDATA[2026-09-23T11:21:52.368Z DEBUG 14104 --- [cached-catalog] [           main] o.s.jdbc.core.JdbcTemplate               : Executing SQL update [delete from products]
2026-09-23T11:21:52.368Z DEBUG 14104 --- [cached-catalog] [           main] o.s.jdbc.core.JdbcTemplate               : Executing prepared SQL update
2026-09-23T11:21:52.368Z DEBUG 14104 --- [cached-catalog] [           main] o.s.jdbc.core.JdbcTemplate               : Executing prepared SQL statement [insert into products(id,sku,name,category,price_cents,stock) values (?,?,?,?,?,?)]
2026-09-23T11:21:52.368Z DEBUG 14104 --- [cached-catalog] [           main] o.s.jdbc.core.JdbcTemplate               : Executing prepared SQL update
2026-09-23T11:21:52.368Z DEBUG 14104 --- [cached-catalog] [           main] o.s.jdbc.core.JdbcTemplate               : Executing prepared SQL statement [insert into products(id,sku,name,category,price_cents,stock) values (?,?,?,?,?,?)]
2026-09-23T11:21:52.368Z DEBUG 14104 --- [cached-catalog] [           main] o.s.jdbc.core.JdbcTemplate               : Executing prepared SQL update
2026-09-23T11:21:52.368Z DEBUG 14104 --- [cached-catalog] [           main] o.s.jdbc.core.JdbcTemplate               : Executing prepared SQL statement [insert into products(id,sku,name,category,price_cents,stock) values (?,?,?,?,?,?)]
2026-09-23T11:21:52.368Z DEBUG 14104 --- [cached-catalog] [           main] o.s.jdbc.core.JdbcTemplate               : Executing prepared SQL update
2026-09-23T11:21:52.368Z DEBUG 14104 --- [cached-catalog] [           main] o.s.jdbc.core.JdbcTemplate               : Executing prepared SQL statement [insert into products(id,sku,name,category,price_cents,stock) values (?,?,?,?,?,?)]
2026-09-23T11:21:52.368Z DEBUG 14104 --- [cached-catalog] [           main] o.s.jdbc.core.JdbcTemplate               : Executing prepared SQL update
2026-09-23T11:21:52.368Z DEBUG 14104 --- [cached-catalog] [           main] o.s.jdbc.core.JdbcTemplate               : Executing prepared SQL statement [insert into products(id,sku,name,category,price_cents,stock) values (?,?,?,?,?,?)]
2026-09-23T11:21:52.368Z DEBUG 14104 --- [cached-catalog] [           main] o.s.jdbc.core.JdbcTemplate               : Executing prepared SQL update
2026-09-23T11:21:52.368Z DEBUG 14104 --- [cached-catalog] [           main] o.s.jdbc.core.JdbcTemplate               : Executing prepared SQL statement [insert into products(id,sku,name,category,price_cents,stock) values (?,?,?,?,?,?)]
2026-09-23T11:21:52.368Z DEBUG 14104 --- [cached-catalog] [           main] o.s.jdbc.core.JdbcTemplate               : Executing prepared SQL update
2026-09-23T11:21:52.368Z DEBUG 14104 --- [cached-catalog] [           main] o.s.jdbc.core.JdbcTemplate               : Executing prepared SQL statement [insert into products(id,sku,name,category,price_cents,stock) values (?,?,?,?,?,?)]
2026-09-23T11:21:52.368Z DEBUG 14104 --- [cached-catalog] [           main] o.s.jdbc.core.JdbcTemplate               : Executing prepared SQL update
2026-09-23T11:21:52.368Z DEBUG 14104 --- [cached-catalog] [           main] o.s.jdbc.core.JdbcTemplate               : Executing prepared SQL statement [insert into products(id,sku,name,category,price_cents,stock) values (?,?,?,?,?,?)]
2026-09-23T11:21:52.368Z DEBUG 14104 --- [cached-catalog] [           main] o.s.jdbc.core.JdbcTemplate               : Executing prepared SQL update
2026-09-23T11:21:52.368Z DEBUG 14104 --- [cached-catalog] [           main] o.s.jdbc.core.JdbcTemplate               : Executing prepared SQL statement [insert into products(id,sku,name,category,price_cents,stock) values (?,?,?,?,?,?)]
2026-09-23T11:21:52.368Z DEBUG 14104 --- [cached-catalog] [           main] o.s.jdbc.core.JdbcTemplate               : Executing prepared SQL update
2026-09-23T11:21:52.368Z DEBUG 14104 --- [cached-catalog] [           main] o.s.jdbc.core.JdbcTemplate               : Executing prepared SQL statement [insert into products(id,sku,name,category,price_cents,stock) values (?,?,?,?,?,?)]
2026-09-23T11:21:52.368Z DEBUG 14104 --- [cached-catalog] [           main] o.s.jdbc.core.JdbcTemplate               : Executing prepared SQL update
2026-09-23T11:21:52.368Z DEBUG 14104 --- [cached-catalog] [           main] o.s.jdbc.core.JdbcTemplate               : Executing prepared SQL statement [insert into products(id,sku,name,category,price_cents,stock) values (?,?,?,?,?,?)]
2026-09-23T11:21:52.368Z DEBUG 14104 --- [cached-catalog] [           main] o.s.jdbc.core.JdbcTemplate               : Executing prepared SQL update
2026-09-23T11:21:52.368Z DEBUG 14104 --- [cached-catalog] [           main] o.s.jdbc.core.JdbcTemplate               : Executing prepared SQL statement [insert into products(id,sku,name,category,price_cents,stock) values (?,?,?,?,?,?)]
2026-09-23T11:21:52.368Z DEBUG 14104 --- [cached-catalog] [           main] s.w.s.m.m.a.RequestMappingHandlerMapping : Mapped to dev.practice.assessment02.controller.ProductSearchController#search(Map)
2026-09-23T11:21:52.368Z DEBUG 14104 --- [cached-catalog] [           main] org.hibernate.SQL                        : select p1_0.id,p1_0.category,p1_0.name,p1_0.price_cents,p1_0.sku,p1_0.stock from products p1_0 where p1_0.price_cents>=? and p1_0.price_cents<=? order by p1_0.price_cents,p1_0.id offset ? rows fetch first ? rows only
2026-09-23T11:21:52.382Z DEBUG 14104 --- [cached-catalog] [           main] org.hibernate.SQL                        : select count(p1_0.id) from products p1_0 where p1_0.price_cents>=? and p1_0.price_cents<=?
2026-09-23T11:21:52.384Z DEBUG 14104 --- [cached-catalog] [           main] m.m.a.RequestResponseBodyMethodProcessor : Using 'application/json', given [*/*] and supported [application/json, application/*+json]
2026-09-23T11:21:52.384Z DEBUG 14104 --- [cached-catalog] [           main] m.m.a.RequestResponseBodyMethodProcessor : Writing [CatalogPageResponse[content=[ProductResponse[id=103, sku=MS-01, name=Wireless Mouse, category=electr (truncated)...]
]]></system-out>
  </testcase>
  <testcase name="a2_06" classname="dev.practice.assessment02.contract.CatalogPublicContractTest" time="0.013">
    <system-out><![CDATA[2026-09-23T11:21:52.384Z DEBUG 14104 --- [cached-catalog] [           main] o.s.jdbc.core.JdbcTemplate               : Executing SQL update [delete from products]
2026-09-23T11:21:52.384Z DEBUG 14104 --- [cached-catalog] [           main] o.s.jdbc.core.JdbcTemplate               : Executing prepared SQL update
2026-09-23T11:21:52.389Z DEBUG 14104 --- [cached-catalog] [           main] o.s.jdbc.core.JdbcTemplate               : Executing prepared SQL statement [insert into products(id,sku,name,category,price_cents,stock) values (?,?,?,?,?,?)]
2026-09-23T11:21:52.389Z DEBUG 14104 --- [cached-catalog] [           main] o.s.jdbc.core.JdbcTemplate               : Executing prepared SQL update
2026-09-23T11:21:52.389Z DEBUG 14104 --- [cached-catalog] [           main] o.s.jdbc.core.JdbcTemplate               : Executing prepared SQL statement [insert into products(id,sku,name,category,price_cents,stock) values (?,?,?,?,?,?)]
2026-09-23T11:21:52.389Z DEBUG 14104 --- [cached-catalog] [           main] o.s.jdbc.core.JdbcTemplate               : Executing prepared SQL update
2026-09-23T11:21:52.389Z DEBUG 14104 --- [cached-catalog] [           main] o.s.jdbc.core.JdbcTemplate               : Executing prepared SQL statement [insert into products(id,sku,name,category,price_cents,stock) values (?,?,?,?,?,?)]
2026-09-23T11:21:52.389Z DEBUG 14104 --- [cached-catalog] [           main] o.s.jdbc.core.JdbcTemplate               : Executing prepared SQL update
2026-09-23T11:21:52.389Z DEBUG 14104 --- [cached-catalog] [           main] o.s.jdbc.core.JdbcTemplate               : Executing prepared SQL statement [insert into products(id,sku,name,category,price_cents,stock) values (?,?,?,?,?,?)]
2026-09-23T11:21:52.389Z DEBUG 14104 --- [cached-catalog] [           main] o.s.jdbc.core.JdbcTemplate               : Executing prepared SQL update
2026-09-23T11:21:52.389Z DEBUG 14104 --- [cached-catalog] [           main] o.s.jdbc.core.JdbcTemplate               : Executing prepared SQL statement [insert into products(id,sku,name,category,price_cents,stock) values (?,?,?,?,?,?)]
2026-09-23T11:21:52.389Z DEBUG 14104 --- [cached-catalog] [           main] o.s.jdbc.core.JdbcTemplate               : Executing prepared SQL update
2026-09-23T11:21:52.389Z DEBUG 14104 --- [cached-catalog] [           main] o.s.jdbc.core.JdbcTemplate               : Executing prepared SQL statement [insert into products(id,sku,name,category,price_cents,stock) values (?,?,?,?,?,?)]
2026-09-23T11:21:52.389Z DEBUG 14104 --- [cached-catalog] [           main] o.s.jdbc.core.JdbcTemplate               : Executing prepared SQL update
2026-09-23T11:21:52.389Z DEBUG 14104 --- [cached-catalog] [           main] o.s.jdbc.core.JdbcTemplate               : Executing prepared SQL statement [insert into products(id,sku,name,category,price_cents,stock) values (?,?,?,?,?,?)]
2026-09-23T11:21:52.389Z DEBUG 14104 --- [cached-catalog] [           main] o.s.jdbc.core.JdbcTemplate               : Executing prepared SQL update
2026-09-23T11:21:52.389Z DEBUG 14104 --- [cached-catalog] [           main] o.s.jdbc.core.JdbcTemplate               : Executing prepared SQL statement [insert into products(id,sku,name,category,price_cents,stock) values (?,?,?,?,?,?)]
2026-09-23T11:21:52.389Z DEBUG 14104 --- [cached-catalog] [           main] o.s.jdbc.core.JdbcTemplate               : Executing prepared SQL update
2026-09-23T11:21:52.389Z DEBUG 14104 --- [cached-catalog] [           main] o.s.jdbc.core.JdbcTemplate               : Executing prepared SQL statement [insert into products(id,sku,name,category,price_cents,stock) values (?,?,?,?,?,?)]
2026-09-23T11:21:52.389Z DEBUG 14104 --- [cached-catalog] [           main] o.s.jdbc.core.JdbcTemplate               : Executing prepared SQL update
2026-09-23T11:21:52.389Z DEBUG 14104 --- [cached-catalog] [           main] o.s.jdbc.core.JdbcTemplate               : Executing prepared SQL statement [insert into products(id,sku,name,category,price_cents,stock) values (?,?,?,?,?,?)]
2026-09-23T11:21:52.389Z DEBUG 14104 --- [cached-catalog] [           main] o.s.jdbc.core.JdbcTemplate               : Executing prepared SQL update
2026-09-23T11:21:52.389Z DEBUG 14104 --- [cached-catalog] [           main] o.s.jdbc.core.JdbcTemplate               : Executing prepared SQL statement [insert into products(id,sku,name,category,price_cents,stock) values (?,?,?,?,?,?)]
2026-09-23T11:21:52.391Z DEBUG 14104 --- [cached-catalog] [           main] o.s.jdbc.core.JdbcTemplate               : Executing prepared SQL update
2026-09-23T11:21:52.391Z DEBUG 14104 --- [cached-catalog] [           main] o.s.jdbc.core.JdbcTemplate               : Executing prepared SQL statement [insert into products(id,sku,name,category,price_cents,stock) values (?,?,?,?,?,?)]
2026-09-23T11:21:52.391Z DEBUG 14104 --- [cached-catalog] [           main] s.w.s.m.m.a.RequestMappingHandlerMapping : Mapped to dev.practice.assessment02.controller.ProductSearchController#search(Map)
2026-09-23T11:21:52.391Z DEBUG 14104 --- [cached-catalog] [           main] org.hibernate.SQL                        : select p1_0.id,p1_0.category,p1_0.name,p1_0.price_cents,p1_0.sku,p1_0.stock from products p1_0 where lower(p1_0.category)=? and p1_0.stock>0 order by p1_0.price_cents,p1_0.id offset ? rows fetch first ? rows only
2026-09-23T11:21:52.394Z DEBUG 14104 --- [cached-catalog] [           main] org.hibernate.SQL                        : select count(p1_0.id) from products p1_0 where lower(p1_0.category)=? and p1_0.stock>0
2026-09-23T11:21:52.394Z DEBUG 14104 --- [cached-catalog] [           main] m.m.a.RequestResponseBodyMethodProcessor : Using 'application/json', given [*/*] and supported [application/json, application/*+json]
2026-09-23T11:21:52.394Z DEBUG 14104 --- [cached-catalog] [           main] m.m.a.RequestResponseBodyMethodProcessor : Writing [CatalogPageResponse[content=[ProductResponse[id=110, sku=CB-01, name=USB-C Cable, category=electroni (truncated)...]
2026-09-23T11:21:52.396Z DEBUG 14104 --- [cached-catalog] [           main] s.w.s.m.m.a.RequestMappingHandlerMapping : Mapped to dev.practice.assessment02.controller.ProductSearchController#search(Map)
2026-09-23T11:21:52.397Z DEBUG 14104 --- [cached-catalog] [           main] org.hibernate.SQL                        : select p1_0.id,p1_0.category,p1_0.name,p1_0.price_cents,p1_0.sku,p1_0.stock from products p1_0 where lower(p1_0.category)=? and p1_0.stock=0 order by p1_0.price_cents,p1_0.id offset ? rows fetch first ? rows only
2026-09-23T11:21:52.397Z DEBUG 14104 --- [cached-catalog] [           main] org.hibernate.SQL                        : select count(p1_0.id) from products p1_0 where lower(p1_0.category)=? and p1_0.stock=0
2026-09-23T11:21:52.397Z DEBUG 14104 --- [cached-catalog] [           main] m.m.a.RequestResponseBodyMethodProcessor : Using 'application/json', given [*/*] and supported [application/json, application/*+json]
2026-09-23T11:21:52.397Z DEBUG 14104 --- [cached-catalog] [           main] m.m.a.RequestResponseBodyMethodProcessor : Writing [CatalogPageResponse[content=[ProductResponse[id=102, sku=KB-02, name=Mechanical Keyboard, category=e (truncated)...]
]]></system-out>
  </testcase>
  <testcase name="a2_07" classname="dev.practice.assessment02.contract.CatalogPublicContractTest" time="0.006">
    <system-out><![CDATA[2026-09-23T11:21:52.397Z DEBUG 14104 --- [cached-catalog] [           main] o.s.jdbc.core.JdbcTemplate               : Executing SQL update [delete from products]
2026-09-23T11:21:52.397Z DEBUG 14104 --- [cached-catalog] [           main] o.s.jdbc.core.JdbcTemplate               : Executing prepared SQL update
2026-09-23T11:21:52.397Z DEBUG 14104 --- [cached-catalog] [           main] o.s.jdbc.core.JdbcTemplate               : Executing prepared SQL statement [insert into products(id,sku,name,category,price_cents,stock) values (?,?,?,?,?,?)]
2026-09-23T11:21:52.397Z DEBUG 14104 --- [cached-catalog] [           main] o.s.jdbc.core.JdbcTemplate               : Executing prepared SQL update
2026-09-23T11:21:52.397Z DEBUG 14104 --- [cached-catalog] [           main] o.s.jdbc.core.JdbcTemplate               : Executing prepared SQL statement [insert into products(id,sku,name,category,price_cents,stock) values (?,?,?,?,?,?)]
2026-09-23T11:21:52.397Z DEBUG 14104 --- [cached-catalog] [           main] o.s.jdbc.core.JdbcTemplate               : Executing prepared SQL update
2026-09-23T11:21:52.397Z DEBUG 14104 --- [cached-catalog] [           main] o.s.jdbc.core.JdbcTemplate               : Executing prepared SQL statement [insert into products(id,sku,name,category,price_cents,stock) values (?,?,?,?,?,?)]
2026-09-23T11:21:52.397Z DEBUG 14104 --- [cached-catalog] [           main] o.s.jdbc.core.JdbcTemplate               : Executing prepared SQL update
2026-09-23T11:21:52.397Z DEBUG 14104 --- [cached-catalog] [           main] o.s.jdbc.core.JdbcTemplate               : Executing prepared SQL statement [insert into products(id,sku,name,category,price_cents,stock) values (?,?,?,?,?,?)]
2026-09-23T11:21:52.397Z DEBUG 14104 --- [cached-catalog] [           main] o.s.jdbc.core.JdbcTemplate               : Executing prepared SQL update
2026-09-23T11:21:52.397Z DEBUG 14104 --- [cached-catalog] [           main] o.s.jdbc.core.JdbcTemplate               : Executing prepared SQL statement [insert into products(id,sku,name,category,price_cents,stock) values (?,?,?,?,?,?)]
2026-09-23T11:21:52.403Z DEBUG 14104 --- [cached-catalog] [           main] o.s.jdbc.core.JdbcTemplate               : Executing prepared SQL update
2026-09-23T11:21:52.403Z DEBUG 14104 --- [cached-catalog] [           main] o.s.jdbc.core.JdbcTemplate               : Executing prepared SQL statement [insert into products(id,sku,name,category,price_cents,stock) values (?,?,?,?,?,?)]
2026-09-23T11:21:52.403Z DEBUG 14104 --- [cached-catalog] [           main] o.s.jdbc.core.JdbcTemplate               : Executing prepared SQL update
2026-09-23T11:21:52.403Z DEBUG 14104 --- [cached-catalog] [           main] o.s.jdbc.core.JdbcTemplate               : Executing prepared SQL statement [insert into products(id,sku,name,category,price_cents,stock) values (?,?,?,?,?,?)]
2026-09-23T11:21:52.403Z DEBUG 14104 --- [cached-catalog] [           main] o.s.jdbc.core.JdbcTemplate               : Executing prepared SQL update
2026-09-23T11:21:52.403Z DEBUG 14104 --- [cached-catalog] [           main] o.s.jdbc.core.JdbcTemplate               : Executing prepared SQL statement [insert into products(id,sku,name,category,price_cents,stock) values (?,?,?,?,?,?)]
2026-09-23T11:21:52.403Z DEBUG 14104 --- [cached-catalog] [           main] o.s.jdbc.core.JdbcTemplate               : Executing prepared SQL update
2026-09-23T11:21:52.403Z DEBUG 14104 --- [cached-catalog] [           main] o.s.jdbc.core.JdbcTemplate               : Executing prepared SQL statement [insert into products(id,sku,name,category,price_cents,stock) values (?,?,?,?,?,?)]
2026-09-23T11:21:52.403Z DEBUG 14104 --- [cached-catalog] [           main] o.s.jdbc.core.JdbcTemplate               : Executing prepared SQL update
2026-09-23T11:21:52.403Z DEBUG 14104 --- [cached-catalog] [           main] o.s.jdbc.core.JdbcTemplate               : Executing prepared SQL statement [insert into products(id,sku,name,category,price_cents,stock) values (?,?,?,?,?,?)]
2026-09-23T11:21:52.403Z DEBUG 14104 --- [cached-catalog] [           main] o.s.jdbc.core.JdbcTemplate               : Executing prepared SQL update
2026-09-23T11:21:52.403Z DEBUG 14104 --- [cached-catalog] [           main] o.s.jdbc.core.JdbcTemplate               : Executing prepared SQL statement [insert into products(id,sku,name,category,price_cents,stock) values (?,?,?,?,?,?)]
2026-09-23T11:21:52.403Z DEBUG 14104 --- [cached-catalog] [           main] o.s.jdbc.core.JdbcTemplate               : Executing prepared SQL update
2026-09-23T11:21:52.403Z DEBUG 14104 --- [cached-catalog] [           main] o.s.jdbc.core.JdbcTemplate               : Executing prepared SQL statement [insert into products(id,sku,name,category,price_cents,stock) values (?,?,?,?,?,?)]
2026-09-23T11:21:52.403Z DEBUG 14104 --- [cached-catalog] [           main] s.w.s.m.m.a.RequestMappingHandlerMapping : Mapped to dev.practice.assessment02.controller.ProductSearchController#search(Map)
2026-09-23T11:21:52.403Z DEBUG 14104 --- [cached-catalog] [           main] org.hibernate.SQL                        : select p1_0.id,p1_0.category,p1_0.name,p1_0.price_cents,p1_0.sku,p1_0.stock from products p1_0 where lower(p1_0.category)=? order by p1_0.price_cents,p1_0.id offset ? rows fetch first ? rows only
2026-09-23T11:21:52.403Z DEBUG 14104 --- [cached-catalog] [           main] org.hibernate.SQL                        : select count(p1_0.id) from products p1_0 where lower(p1_0.category)=?
2026-09-23T11:21:52.403Z DEBUG 14104 --- [cached-catalog] [           main] m.m.a.RequestResponseBodyMethodProcessor : Using 'application/json', given [*/*] and supported [application/json, application/*+json]
2026-09-23T11:21:52.403Z DEBUG 14104 --- [cached-catalog] [           main] m.m.a.RequestResponseBodyMethodProcessor : Writing [CatalogPageResponse[content=[ProductResponse[id=104, sku=MS-02, name=Travel Mouse, category=electron (truncated)...]
]]></system-out>
  </testcase>
  <testcase name="a2_08" classname="dev.practice.assessment02.contract.CatalogPublicContractTest" time="0.013">
    <system-out><![CDATA[2026-09-23T11:21:52.403Z DEBUG 14104 --- [cached-catalog] [           main] o.s.jdbc.core.JdbcTemplate               : Executing SQL update [delete from products]
2026-09-23T11:21:52.403Z DEBUG 14104 --- [cached-catalog] [           main] o.s.jdbc.core.JdbcTemplate               : Executing prepared SQL update
2026-09-23T11:21:52.403Z DEBUG 14104 --- [cached-catalog] [           main] o.s.jdbc.core.JdbcTemplate               : Executing prepared SQL statement [insert into products(id,sku,name,category,price_cents,stock) values (?,?,?,?,?,?)]
2026-09-23T11:21:52.403Z DEBUG 14104 --- [cached-catalog] [           main] o.s.jdbc.core.JdbcTemplate               : Executing prepared SQL update
2026-09-23T11:21:52.403Z DEBUG 14104 --- [cached-catalog] [           main] o.s.jdbc.core.JdbcTemplate               : Executing prepared SQL statement [insert into products(id,sku,name,category,price_cents,stock) values (?,?,?,?,?,?)]
2026-09-23T11:21:52.403Z DEBUG 14104 --- [cached-catalog] [           main] o.s.jdbc.core.JdbcTemplate               : Executing prepared SQL update
2026-09-23T11:21:52.403Z DEBUG 14104 --- [cached-catalog] [           main] o.s.jdbc.core.JdbcTemplate               : Executing prepared SQL statement [insert into products(id,sku,name,category,price_cents,stock) values (?,?,?,?,?,?)]
2026-09-23T11:21:52.410Z DEBUG 14104 --- [cached-catalog] [           main] o.s.jdbc.core.JdbcTemplate               : Executing prepared SQL update
2026-09-23T11:21:52.410Z DEBUG 14104 --- [cached-catalog] [           main] o.s.jdbc.core.JdbcTemplate               : Executing prepared SQL statement [insert into products(id,sku,name,category,price_cents,stock) values (?,?,?,?,?,?)]
2026-09-23T11:21:52.410Z DEBUG 14104 --- [cached-catalog] [           main] o.s.jdbc.core.JdbcTemplate               : Executing prepared SQL update
2026-09-23T11:21:52.410Z DEBUG 14104 --- [cached-catalog] [           main] o.s.jdbc.core.JdbcTemplate               : Executing prepared SQL statement [insert into products(id,sku,name,category,price_cents,stock) values (?,?,?,?,?,?)]
2026-09-23T11:21:52.410Z DEBUG 14104 --- [cached-catalog] [           main] o.s.jdbc.core.JdbcTemplate               : Executing prepared SQL update
2026-09-23T11:21:52.410Z DEBUG 14104 --- [cached-catalog] [           main] o.s.jdbc.core.JdbcTemplate               : Executing prepared SQL statement [insert into products(id,sku,name,category,price_cents,stock) values (?,?,?,?,?,?)]
2026-09-23T11:21:52.410Z DEBUG 14104 --- [cached-catalog] [           main] o.s.jdbc.core.JdbcTemplate               : Executing prepared SQL update
2026-09-23T11:21:52.410Z DEBUG 14104 --- [cached-catalog] [           main] o.s.jdbc.core.JdbcTemplate               : Executing prepared SQL statement [insert into products(id,sku,name,category,price_cents,stock) values (?,?,?,?,?,?)]
2026-09-23T11:21:52.410Z DEBUG 14104 --- [cached-catalog] [           main] o.s.jdbc.core.JdbcTemplate               : Executing prepared SQL update
2026-09-23T11:21:52.410Z DEBUG 14104 --- [cached-catalog] [           main] o.s.jdbc.core.JdbcTemplate               : Executing prepared SQL statement [insert into products(id,sku,name,category,price_cents,stock) values (?,?,?,?,?,?)]
2026-09-23T11:21:52.410Z DEBUG 14104 --- [cached-catalog] [           main] o.s.jdbc.core.JdbcTemplate               : Executing prepared SQL update
2026-09-23T11:21:52.410Z DEBUG 14104 --- [cached-catalog] [           main] o.s.jdbc.core.JdbcTemplate               : Executing prepared SQL statement [insert into products(id,sku,name,category,price_cents,stock) values (?,?,?,?,?,?)]
2026-09-23T11:21:52.410Z DEBUG 14104 --- [cached-catalog] [           main] o.s.jdbc.core.JdbcTemplate               : Executing prepared SQL update
2026-09-23T11:21:52.410Z DEBUG 14104 --- [cached-catalog] [           main] o.s.jdbc.core.JdbcTemplate               : Executing prepared SQL statement [insert into products(id,sku,name,category,price_cents,stock) values (?,?,?,?,?,?)]
2026-09-23T11:21:52.410Z DEBUG 14104 --- [cached-catalog] [           main] o.s.jdbc.core.JdbcTemplate               : Executing prepared SQL update
2026-09-23T11:21:52.410Z DEBUG 14104 --- [cached-catalog] [           main] o.s.jdbc.core.JdbcTemplate               : Executing prepared SQL statement [insert into products(id,sku,name,category,price_cents,stock) values (?,?,?,?,?,?)]
2026-09-23T11:21:52.410Z DEBUG 14104 --- [cached-catalog] [           main] o.s.jdbc.core.JdbcTemplate               : Executing prepared SQL update
2026-09-23T11:21:52.410Z DEBUG 14104 --- [cached-catalog] [           main] o.s.jdbc.core.JdbcTemplate               : Executing prepared SQL statement [insert into products(id,sku,name,category,price_cents,stock) values (?,?,?,?,?,?)]
2026-09-23T11:21:52.412Z DEBUG 14104 --- [cached-catalog] [           main] s.w.s.m.m.a.RequestMappingHandlerMapping : Mapped to dev.practice.assessment02.controller.ProductSearchController#search(Map)
2026-09-23T11:21:52.412Z DEBUG 14104 --- [cached-catalog] [           main] org.hibernate.SQL                        : select p1_0.id,p1_0.category,p1_0.name,p1_0.price_cents,p1_0.sku,p1_0.stock from products p1_0 where lower(p1_0.category)=? order by p1_0.price_cents desc,p1_0.id offset ? rows fetch first ? rows only
2026-09-23T11:21:52.412Z DEBUG 14104 --- [cached-catalog] [           main] org.hibernate.SQL                        : select count(p1_0.id) from products p1_0 where lower(p1_0.category)=?
2026-09-23T11:21:52.414Z DEBUG 14104 --- [cached-catalog] [           main] m.m.a.RequestResponseBodyMethodProcessor : Using 'application/json', given [*/*] and supported [application/json, application/*+json]
2026-09-23T11:21:52.414Z DEBUG 14104 --- [cached-catalog] [           main] m.m.a.RequestResponseBodyMethodProcessor : Writing [CatalogPageResponse[content=[ProductResponse[id=102, sku=KB-02, name=Mechanical Keyboard, category=e (truncated)...]
]]></system-out>
  </testcase>
  <testcase name="a2_09" classname="dev.practice.assessment02.contract.CatalogPublicContractTest" time="0.0">
    <system-out><![CDATA[2026-09-23T11:21:52.417Z DEBUG 14104 --- [cached-catalog] [           main] o.s.jdbc.core.JdbcTemplate               : Executing SQL update [delete from products]
2026-09-23T11:21:52.417Z DEBUG 14104 --- [cached-catalog] [           main] o.s.jdbc.core.JdbcTemplate               : Executing prepared SQL update
2026-09-23T11:21:52.417Z DEBUG 14104 --- [cached-catalog] [           main] o.s.jdbc.core.JdbcTemplate               : Executing prepared SQL statement [insert into products(id,sku,name,category,price_cents,stock) values (?,?,?,?,?,?)]
2026-09-23T11:21:52.417Z DEBUG 14104 --- [cached-catalog] [           main] o.s.jdbc.core.JdbcTemplate               : Executing prepared SQL update
2026-09-23T11:21:52.417Z DEBUG 14104 --- [cached-catalog] [           main] o.s.jdbc.core.JdbcTemplate               : Executing prepared SQL statement [insert into products(id,sku,name,category,price_cents,stock) values (?,?,?,?,?,?)]
2026-09-23T11:21:52.417Z DEBUG 14104 --- [cached-catalog] [           main] o.s.jdbc.core.JdbcTemplate               : Executing prepared SQL update
2026-09-23T11:21:52.417Z DEBUG 14104 --- [cached-catalog] [           main] o.s.jdbc.core.JdbcTemplate               : Executing prepared SQL statement [insert into products(id,sku,name,category,price_cents,stock) values (?,?,?,?,?,?)]
2026-09-23T11:21:52.417Z DEBUG 14104 --- [cached-catalog] [           main] o.s.jdbc.core.JdbcTemplate               : Executing prepared SQL update
2026-09-23T11:21:52.417Z DEBUG 14104 --- [cached-catalog] [           main] o.s.jdbc.core.JdbcTemplate               : Executing prepared SQL statement [insert into products(id,sku,name,category,price_cents,stock) values (?,?,?,?,?,?)]
2026-09-23T11:21:52.417Z DEBUG 14104 --- [cached-catalog] [           main] o.s.jdbc.core.JdbcTemplate               : Executing prepared SQL update
2026-09-23T11:21:52.417Z DEBUG 14104 --- [cached-catalog] [           main] o.s.jdbc.core.JdbcTemplate               : Executing prepared SQL statement [insert into products(id,sku,name,category,price_cents,stock) values (?,?,?,?,?,?)]
2026-09-23T11:21:52.417Z DEBUG 14104 --- [cached-catalog] [           main] o.s.jdbc.core.JdbcTemplate               : Executing prepared SQL update
2026-09-23T11:21:52.417Z DEBUG 14104 --- [cached-catalog] [           main] o.s.jdbc.core.JdbcTemplate               : Executing prepared SQL statement [insert into products(id,sku,name,category,price_cents,stock) values (?,?,?,?,?,?)]
2026-09-23T11:21:52.417Z DEBUG 14104 --- [cached-catalog] [           main] o.s.jdbc.core.JdbcTemplate               : Executing prepared SQL update
2026-09-23T11:21:52.417Z DEBUG 14104 --- [cached-catalog] [           main] o.s.jdbc.core.JdbcTemplate               : Executing prepared SQL statement [insert into products(id,sku,name,category,price_cents,stock) values (?,?,?,?,?,?)]
2026-09-23T11:21:52.417Z DEBUG 14104 --- [cached-catalog] [           main] o.s.jdbc.core.JdbcTemplate               : Executing prepared SQL update
2026-09-23T11:21:52.417Z DEBUG 14104 --- [cached-catalog] [           main] o.s.jdbc.core.JdbcTemplate               : Executing prepared SQL statement [insert into products(id,sku,name,category,price_cents,stock) values (?,?,?,?,?,?)]
2026-09-23T11:21:52.417Z DEBUG 14104 --- [cached-catalog] [           main] o.s.jdbc.core.JdbcTemplate               : Executing prepared SQL update
2026-09-23T11:21:52.417Z DEBUG 14104 --- [cached-catalog] [           main] o.s.jdbc.core.JdbcTemplate               : Executing prepared SQL statement [insert into products(id,sku,name,category,price_cents,stock) values (?,?,?,?,?,?)]
2026-09-23T11:21:52.417Z DEBUG 14104 --- [cached-catalog] [           main] o.s.jdbc.core.JdbcTemplate               : Executing prepared SQL update
2026-09-23T11:21:52.417Z DEBUG 14104 --- [cached-catalog] [           main] o.s.jdbc.core.JdbcTemplate               : Executing prepared SQL statement [insert into products(id,sku,name,category,price_cents,stock) values (?,?,?,?,?,?)]
2026-09-23T11:21:52.417Z DEBUG 14104 --- [cached-catalog] [           main] o.s.jdbc.core.JdbcTemplate               : Executing prepared SQL update
2026-09-23T11:21:52.417Z DEBUG 14104 --- [cached-catalog] [           main] o.s.jdbc.core.JdbcTemplate               : Executing prepared SQL statement [insert into products(id,sku,name,category,price_cents,stock) values (?,?,?,?,?,?)]
2026-09-23T11:21:52.417Z DEBUG 14104 --- [cached-catalog] [           main] o.s.jdbc.core.JdbcTemplate               : Executing prepared SQL update
2026-09-23T11:21:52.417Z DEBUG 14104 --- [cached-catalog] [           main] o.s.jdbc.core.JdbcTemplate               : Executing prepared SQL statement [insert into products(id,sku,name,category,price_cents,stock) values (?,?,?,?,?,?)]
2026-09-23T11:21:52.417Z DEBUG 14104 --- [cached-catalog] [           main] s.w.s.m.m.a.RequestMappingHandlerMapping : Mapped to dev.practice.assessment02.controller.ProductSearchController#search(Map)
2026-09-23T11:21:52.417Z DEBUG 14104 --- [cached-catalog] [           main] org.hibernate.SQL                        : select p1_0.id,p1_0.category,p1_0.name,p1_0.price_cents,p1_0.sku,p1_0.stock from products p1_0 where lower(p1_0.category)=? order by lower(p1_0.name),p1_0.id offset ? rows fetch first ? rows only
2026-09-23T11:21:52.417Z DEBUG 14104 --- [cached-catalog] [           main] org.hibernate.SQL                        : select count(p1_0.id) from products p1_0 where lower(p1_0.category)=?
2026-09-23T11:21:52.417Z DEBUG 14104 --- [cached-catalog] [           main] m.m.a.RequestResponseBodyMethodProcessor : Using 'application/json', given [*/*] and supported [application/json, application/*+json]
2026-09-23T11:21:52.417Z DEBUG 14104 --- [cached-catalog] [           main] m.m.a.RequestResponseBodyMethodProcessor : Writing [CatalogPageResponse[content=[ProductResponse[id=101, sku=KB-01, name=Compact Keyboard, category=elec (truncated)...]
]]></system-out>
  </testcase>
  <testcase name="a2_10" classname="dev.practice.assessment02.contract.CatalogPublicContractTest" time="0.007">
    <system-out><![CDATA[2026-09-23T11:21:52.424Z DEBUG 14104 --- [cached-catalog] [           main] o.s.jdbc.core.JdbcTemplate               : Executing SQL update [delete from products]
2026-09-23T11:21:52.424Z DEBUG 14104 --- [cached-catalog] [           main] o.s.jdbc.core.JdbcTemplate               : Executing prepared SQL update
2026-09-23T11:21:52.424Z DEBUG 14104 --- [cached-catalog] [           main] o.s.jdbc.core.JdbcTemplate               : Executing prepared SQL statement [insert into products(id,sku,name,category,price_cents,stock) values (?,?,?,?,?,?)]
2026-09-23T11:21:52.429Z DEBUG 14104 --- [cached-catalog] [           main] o.s.jdbc.core.JdbcTemplate               : Executing prepared SQL update
2026-09-23T11:21:52.429Z DEBUG 14104 --- [cached-catalog] [           main] o.s.jdbc.core.JdbcTemplate               : Executing prepared SQL statement [insert into products(id,sku,name,category,price_cents,stock) values (?,?,?,?,?,?)]
2026-09-23T11:21:52.429Z DEBUG 14104 --- [cached-catalog] [           main] o.s.jdbc.core.JdbcTemplate               : Executing prepared SQL update
2026-09-23T11:21:52.429Z DEBUG 14104 --- [cached-catalog] [           main] o.s.jdbc.core.JdbcTemplate               : Executing prepared SQL statement [insert into products(id,sku,name,category,price_cents,stock) values (?,?,?,?,?,?)]
2026-09-23T11:21:52.429Z DEBUG 14104 --- [cached-catalog] [           main] o.s.jdbc.core.JdbcTemplate               : Executing prepared SQL update
2026-09-23T11:21:52.429Z DEBUG 14104 --- [cached-catalog] [           main] o.s.jdbc.core.JdbcTemplate               : Executing prepared SQL statement [insert into products(id,sku,name,category,price_cents,stock) values (?,?,?,?,?,?)]
2026-09-23T11:21:52.429Z DEBUG 14104 --- [cached-catalog] [           main] o.s.jdbc.core.JdbcTemplate               : Executing prepared SQL update
2026-09-23T11:21:52.429Z DEBUG 14104 --- [cached-catalog] [           main] o.s.jdbc.core.JdbcTemplate               : Executing prepared SQL statement [insert into products(id,sku,name,category,price_cents,stock) values (?,?,?,?,?,?)]
2026-09-23T11:21:52.429Z DEBUG 14104 --- [cached-catalog] [           main] o.s.jdbc.core.JdbcTemplate               : Executing prepared SQL update
2026-09-23T11:21:52.429Z DEBUG 14104 --- [cached-catalog] [           main] o.s.jdbc.core.JdbcTemplate               : Executing prepared SQL statement [insert into products(id,sku,name,category,price_cents,stock) values (?,?,?,?,?,?)]
2026-09-23T11:21:52.429Z DEBUG 14104 --- [cached-catalog] [           main] o.s.jdbc.core.JdbcTemplate               : Executing prepared SQL update
2026-09-23T11:21:52.429Z DEBUG 14104 --- [cached-catalog] [           main] o.s.jdbc.core.JdbcTemplate               : Executing prepared SQL statement [insert into products(id,sku,name,category,price_cents,stock) values (?,?,?,?,?,?)]
2026-09-23T11:21:52.429Z DEBUG 14104 --- [cached-catalog] [           main] o.s.jdbc.core.JdbcTemplate               : Executing prepared SQL update
2026-09-23T11:21:52.429Z DEBUG 14104 --- [cached-catalog] [           main] o.s.jdbc.core.JdbcTemplate               : Executing prepared SQL statement [insert into products(id,sku,name,category,price_cents,stock) values (?,?,?,?,?,?)]
2026-09-23T11:21:52.429Z DEBUG 14104 --- [cached-catalog] [           main] o.s.jdbc.core.JdbcTemplate               : Executing prepared SQL update
2026-09-23T11:21:52.429Z DEBUG 14104 --- [cached-catalog] [           main] o.s.jdbc.core.JdbcTemplate               : Executing prepared SQL statement [insert into products(id,sku,name,category,price_cents,stock) values (?,?,?,?,?,?)]
2026-09-23T11:21:52.429Z DEBUG 14104 --- [cached-catalog] [           main] o.s.jdbc.core.JdbcTemplate               : Executing prepared SQL update
2026-09-23T11:21:52.429Z DEBUG 14104 --- [cached-catalog] [           main] o.s.jdbc.core.JdbcTemplate               : Executing prepared SQL statement [insert into products(id,sku,name,category,price_cents,stock) values (?,?,?,?,?,?)]
2026-09-23T11:21:52.429Z DEBUG 14104 --- [cached-catalog] [           main] o.s.jdbc.core.JdbcTemplate               : Executing prepared SQL update
2026-09-23T11:21:52.429Z DEBUG 14104 --- [cached-catalog] [           main] o.s.jdbc.core.JdbcTemplate               : Executing prepared SQL statement [insert into products(id,sku,name,category,price_cents,stock) values (?,?,?,?,?,?)]
2026-09-23T11:21:52.429Z DEBUG 14104 --- [cached-catalog] [           main] o.s.jdbc.core.JdbcTemplate               : Executing prepared SQL update
2026-09-23T11:21:52.429Z DEBUG 14104 --- [cached-catalog] [           main] o.s.jdbc.core.JdbcTemplate               : Executing prepared SQL statement [insert into products(id,sku,name,category,price_cents,stock) values (?,?,?,?,?,?)]
2026-09-23T11:21:52.429Z DEBUG 14104 --- [cached-catalog] [           main] s.w.s.m.m.a.RequestMappingHandlerMapping : Mapped to dev.practice.assessment02.controller.ProductSearchController#search(Map)
2026-09-23T11:21:52.431Z DEBUG 14104 --- [cached-catalog] [           main] org.hibernate.SQL                        : select p1_0.id,p1_0.category,p1_0.name,p1_0.price_cents,p1_0.sku,p1_0.stock from products p1_0 where lower(p1_0.category)=? order by p1_0.price_cents,p1_0.id offset ? rows fetch first ? rows only
2026-09-23T11:21:52.431Z DEBUG 14104 --- [cached-catalog] [           main] org.hibernate.SQL                        : select count(p1_0.id) from products p1_0 where lower(p1_0.category)=?
2026-09-23T11:21:52.431Z DEBUG 14104 --- [cached-catalog] [           main] m.m.a.RequestResponseBodyMethodProcessor : Using 'application/json', given [*/*] and supported [application/json, application/*+json]
2026-09-23T11:21:52.431Z DEBUG 14104 --- [cached-catalog] [           main] m.m.a.RequestResponseBodyMethodProcessor : Writing [CatalogPageResponse[content=[], page=9, size=2, totalElements=3, totalPages=2, first=false, last=tru (truncated)...]
]]></system-out>
  </testcase>
  <testcase name="a2_11" classname="dev.practice.assessment02.contract.CatalogPublicContractTest" time="0.009">
    <system-out><![CDATA[2026-09-23T11:21:52.438Z DEBUG 14104 --- [cached-catalog] [           main] o.s.jdbc.core.JdbcTemplate               : Executing SQL update [delete from products]
2026-09-23T11:21:52.438Z DEBUG 14104 --- [cached-catalog] [           main] o.s.jdbc.core.JdbcTemplate               : Executing prepared SQL update
2026-09-23T11:21:52.438Z DEBUG 14104 --- [cached-catalog] [           main] o.s.jdbc.core.JdbcTemplate               : Executing prepared SQL statement [insert into products(id,sku,name,category,price_cents,stock) values (?,?,?,?,?,?)]
2026-09-23T11:21:52.438Z DEBUG 14104 --- [cached-catalog] [           main] o.s.jdbc.core.JdbcTemplate               : Executing prepared SQL update
2026-09-23T11:21:52.438Z DEBUG 14104 --- [cached-catalog] [           main] o.s.jdbc.core.JdbcTemplate               : Executing prepared SQL statement [insert into products(id,sku,name,category,price_cents,stock) values (?,?,?,?,?,?)]
2026-09-23T11:21:52.438Z DEBUG 14104 --- [cached-catalog] [           main] o.s.jdbc.core.JdbcTemplate               : Executing prepared SQL update
2026-09-23T11:21:52.438Z DEBUG 14104 --- [cached-catalog] [           main] o.s.jdbc.core.JdbcTemplate               : Executing prepared SQL statement [insert into products(id,sku,name,category,price_cents,stock) values (?,?,?,?,?,?)]
2026-09-23T11:21:52.440Z DEBUG 14104 --- [cached-catalog] [           main] o.s.jdbc.core.JdbcTemplate               : Executing prepared SQL update
2026-09-23T11:21:52.440Z DEBUG 14104 --- [cached-catalog] [           main] o.s.jdbc.core.JdbcTemplate               : Executing prepared SQL statement [insert into products(id,sku,name,category,price_cents,stock) values (?,?,?,?,?,?)]
2026-09-23T11:21:52.440Z DEBUG 14104 --- [cached-catalog] [           main] o.s.jdbc.core.JdbcTemplate               : Executing prepared SQL update
2026-09-23T11:21:52.440Z DEBUG 14104 --- [cached-catalog] [           main] o.s.jdbc.core.JdbcTemplate               : Executing prepared SQL statement [insert into products(id,sku,name,category,price_cents,stock) values (?,?,?,?,?,?)]
2026-09-23T11:21:52.440Z DEBUG 14104 --- [cached-catalog] [           main] o.s.jdbc.core.JdbcTemplate               : Executing prepared SQL update
2026-09-23T11:21:52.440Z DEBUG 14104 --- [cached-catalog] [           main] o.s.jdbc.core.JdbcTemplate               : Executing prepared SQL statement [insert into products(id,sku,name,category,price_cents,stock) values (?,?,?,?,?,?)]
2026-09-23T11:21:52.440Z DEBUG 14104 --- [cached-catalog] [           main] o.s.jdbc.core.JdbcTemplate               : Executing prepared SQL update
2026-09-23T11:21:52.440Z DEBUG 14104 --- [cached-catalog] [           main] o.s.jdbc.core.JdbcTemplate               : Executing prepared SQL statement [insert into products(id,sku,name,category,price_cents,stock) values (?,?,?,?,?,?)]
2026-09-23T11:21:52.440Z DEBUG 14104 --- [cached-catalog] [           main] o.s.jdbc.core.JdbcTemplate               : Executing prepared SQL update
2026-09-23T11:21:52.440Z DEBUG 14104 --- [cached-catalog] [           main] o.s.jdbc.core.JdbcTemplate               : Executing prepared SQL statement [insert into products(id,sku,name,category,price_cents,stock) values (?,?,?,?,?,?)]
2026-09-23T11:21:52.440Z DEBUG 14104 --- [cached-catalog] [           main] o.s.jdbc.core.JdbcTemplate               : Executing prepared SQL update
2026-09-23T11:21:52.440Z DEBUG 14104 --- [cached-catalog] [           main] o.s.jdbc.core.JdbcTemplate               : Executing prepared SQL statement [insert into products(id,sku,name,category,price_cents,stock) values (?,?,?,?,?,?)]
2026-09-23T11:21:52.440Z DEBUG 14104 --- [cached-catalog] [           main] o.s.jdbc.core.JdbcTemplate               : Executing prepared SQL update
2026-09-23T11:21:52.440Z DEBUG 14104 --- [cached-catalog] [           main] o.s.jdbc.core.JdbcTemplate               : Executing prepared SQL statement [insert into products(id,sku,name,category,price_cents,stock) values (?,?,?,?,?,?)]
2026-09-23T11:21:52.440Z DEBUG 14104 --- [cached-catalog] [           main] o.s.jdbc.core.JdbcTemplate               : Executing prepared SQL update
2026-09-23T11:21:52.440Z DEBUG 14104 --- [cached-catalog] [           main] o.s.jdbc.core.JdbcTemplate               : Executing prepared SQL statement [insert into products(id,sku,name,category,price_cents,stock) values (?,?,?,?,?,?)]
2026-09-23T11:21:52.440Z DEBUG 14104 --- [cached-catalog] [           main] o.s.jdbc.core.JdbcTemplate               : Executing prepared SQL update
2026-09-23T11:21:52.440Z DEBUG 14104 --- [cached-catalog] [           main] o.s.jdbc.core.JdbcTemplate               : Executing prepared SQL statement [insert into products(id,sku,name,category,price_cents,stock) values (?,?,?,?,?,?)]
2026-09-23T11:21:52.442Z DEBUG 14104 --- [cached-catalog] [           main] s.w.s.m.m.a.RequestMappingHandlerMapping : Mapped to dev.practice.assessment02.controller.ProductSearchController#search(Map)
2026-09-23T11:21:52.442Z DEBUG 14104 --- [cached-catalog] [           main] org.hibernate.SQL                        : select p1_0.id,p1_0.category,p1_0.name,p1_0.price_cents,p1_0.sku,p1_0.stock from products p1_0 where locate(?,lower(p1_0.name))>0 order by p1_0.price_cents,p1_0.id offset ? rows fetch first ? rows only
2026-09-23T11:21:52.442Z DEBUG 14104 --- [cached-catalog] [           main] org.hibernate.SQL                        : select count(p1_0.id) from products p1_0 where locate(?,lower(p1_0.name))>0
2026-09-23T11:21:52.444Z DEBUG 14104 --- [cached-catalog] [           main] m.m.a.RequestResponseBodyMethodProcessor : Using 'application/json', given [*/*] and supported [application/json, application/*+json]
2026-09-23T11:21:52.444Z DEBUG 14104 --- [cached-catalog] [           main] m.m.a.RequestResponseBodyMethodProcessor : Writing [CatalogPageResponse[content=[], page=0, size=5, totalElements=0, totalPages=0, first=true, last=true (truncated)...]
]]></system-out>
  </testcase>
  <testcase name="a2_12" classname="dev.practice.assessment02.contract.CatalogPublicContractTest" time="0.028">
    <system-out><![CDATA[2026-09-23T11:21:52.445Z DEBUG 14104 --- [cached-catalog] [           main] o.s.jdbc.core.JdbcTemplate               : Executing SQL update [delete from products]
2026-09-23T11:21:52.448Z DEBUG 14104 --- [cached-catalog] [           main] o.s.jdbc.core.JdbcTemplate               : Executing prepared SQL update
2026-09-23T11:21:52.448Z DEBUG 14104 --- [cached-catalog] [           main] o.s.jdbc.core.JdbcTemplate               : Executing prepared SQL statement [insert into products(id,sku,name,category,price_cents,stock) values (?,?,?,?,?,?)]
2026-09-23T11:21:52.448Z DEBUG 14104 --- [cached-catalog] [           main] o.s.jdbc.core.JdbcTemplate               : Executing prepared SQL update
2026-09-23T11:21:52.448Z DEBUG 14104 --- [cached-catalog] [           main] o.s.jdbc.core.JdbcTemplate               : Executing prepared SQL statement [insert into products(id,sku,name,category,price_cents,stock) values (?,?,?,?,?,?)]
2026-09-23T11:21:52.448Z DEBUG 14104 --- [cached-catalog] [           main] o.s.jdbc.core.JdbcTemplate               : Executing prepared SQL update
2026-09-23T11:21:52.448Z DEBUG 14104 --- [cached-catalog] [           main] o.s.jdbc.core.JdbcTemplate               : Executing prepared SQL statement [insert into products(id,sku,name,category,price_cents,stock) values (?,?,?,?,?,?)]
2026-09-23T11:21:52.448Z DEBUG 14104 --- [cached-catalog] [           main] o.s.jdbc.core.JdbcTemplate               : Executing prepared SQL update
2026-09-23T11:21:52.448Z DEBUG 14104 --- [cached-catalog] [           main] o.s.jdbc.core.JdbcTemplate               : Executing prepared SQL statement [insert into products(id,sku,name,category,price_cents,stock) values (?,?,?,?,?,?)]
2026-09-23T11:21:52.448Z DEBUG 14104 --- [cached-catalog] [           main] o.s.jdbc.core.JdbcTemplate               : Executing prepared SQL update
2026-09-23T11:21:52.448Z DEBUG 14104 --- [cached-catalog] [           main] o.s.jdbc.core.JdbcTemplate               : Executing prepared SQL statement [insert into products(id,sku,name,category,price_cents,stock) values (?,?,?,?,?,?)]
2026-09-23T11:21:52.448Z DEBUG 14104 --- [cached-catalog] [           main] o.s.jdbc.core.JdbcTemplate               : Executing prepared SQL update
2026-09-23T11:21:52.448Z DEBUG 14104 --- [cached-catalog] [           main] o.s.jdbc.core.JdbcTemplate               : Executing prepared SQL statement [insert into products(id,sku,name,category,price_cents,stock) values (?,?,?,?,?,?)]
2026-09-23T11:21:52.448Z DEBUG 14104 --- [cached-catalog] [           main] o.s.jdbc.core.JdbcTemplate               : Executing prepared SQL update
2026-09-23T11:21:52.448Z DEBUG 14104 --- [cached-catalog] [           main] o.s.jdbc.core.JdbcTemplate               : Executing prepared SQL statement [insert into products(id,sku,name,category,price_cents,stock) values (?,?,?,?,?,?)]
2026-09-23T11:21:52.448Z DEBUG 14104 --- [cached-catalog] [           main] o.s.jdbc.core.JdbcTemplate               : Executing prepared SQL update
2026-09-23T11:21:52.448Z DEBUG 14104 --- [cached-catalog] [           main] o.s.jdbc.core.JdbcTemplate               : Executing prepared SQL statement [insert into products(id,sku,name,category,price_cents,stock) values (?,?,?,?,?,?)]
2026-09-23T11:21:52.448Z DEBUG 14104 --- [cached-catalog] [           main] o.s.jdbc.core.JdbcTemplate               : Executing prepared SQL update
2026-09-23T11:21:52.448Z DEBUG 14104 --- [cached-catalog] [           main] o.s.jdbc.core.JdbcTemplate               : Executing prepared SQL statement [insert into products(id,sku,name,category,price_cents,stock) values (?,?,?,?,?,?)]
2026-09-23T11:21:52.448Z DEBUG 14104 --- [cached-catalog] [           main] o.s.jdbc.core.JdbcTemplate               : Executing prepared SQL update
2026-09-23T11:21:52.448Z DEBUG 14104 --- [cached-catalog] [           main] o.s.jdbc.core.JdbcTemplate               : Executing prepared SQL statement [insert into products(id,sku,name,category,price_cents,stock) values (?,?,?,?,?,?)]
2026-09-23T11:21:52.448Z DEBUG 14104 --- [cached-catalog] [           main] o.s.jdbc.core.JdbcTemplate               : Executing prepared SQL update
2026-09-23T11:21:52.448Z DEBUG 14104 --- [cached-catalog] [           main] o.s.jdbc.core.JdbcTemplate               : Executing prepared SQL statement [insert into products(id,sku,name,category,price_cents,stock) values (?,?,?,?,?,?)]
2026-09-23T11:21:52.448Z DEBUG 14104 --- [cached-catalog] [           main] o.s.jdbc.core.JdbcTemplate               : Executing prepared SQL update
2026-09-23T11:21:52.448Z DEBUG 14104 --- [cached-catalog] [           main] o.s.jdbc.core.JdbcTemplate               : Executing prepared SQL statement [insert into products(id,sku,name,category,price_cents,stock) values (?,?,?,?,?,?)]
2026-09-23T11:21:52.448Z DEBUG 14104 --- [cached-catalog] [           main] s.w.s.m.m.a.RequestMappingHandlerMapping : Mapped to dev.practice.assessment02.controller.ProductSearchController#search(Map)
2026-09-23T11:21:52.448Z DEBUG 14104 --- [cached-catalog] [           main] .m.m.a.ExceptionHandlerExceptionResolver : Using @ExceptionHandler dev.practice.assessment02.error.ApiExceptionHandler#domain(ApiException, HttpServletRequest)
2026-09-23T11:21:52.453Z DEBUG 14104 --- [cached-catalog] [           main] o.s.w.s.m.m.a.HttpEntityMethodProcessor  : Using 'application/json', given [*/*] and supported [application/json, application/*+json]
2026-09-23T11:21:52.457Z DEBUG 14104 --- [cached-catalog] [           main] o.s.w.s.m.m.a.HttpEntityMethodProcessor  : Writing [ApiError[status=400, code=INVALID_REQUEST, message=Invalid page, path=/api/products]]
2026-09-23T11:21:52.459Z DEBUG 14104 --- [cached-catalog] [           main] .m.m.a.ExceptionHandlerExceptionResolver : Resolved [dev.practice.assessment02.error.InvalidRequestException: Invalid page]
2026-09-23T11:21:52.459Z DEBUG 14104 --- [cached-catalog] [           main] s.w.s.m.m.a.RequestMappingHandlerMapping : Mapped to dev.practice.assessment02.controller.ProductSearchController#search(Map)
2026-09-23T11:21:52.459Z DEBUG 14104 --- [cached-catalog] [           main] .m.m.a.ExceptionHandlerExceptionResolver : Using @ExceptionHandler dev.practice.assessment02.error.ApiExceptionHandler#domain(ApiException, HttpServletRequest)
[...]
2026-09-23T11:21:52.495Z DEBUG 14104 --- [cached-catalog] [           main] o.s.jdbc.core.JdbcTemplate               : Executing prepared SQL statement [insert into products(id,sku,name,category,price_cents,stock) values (?,?,?,?,?,?)]
2026-09-23T11:21:52.495Z DEBUG 14104 --- [cached-catalog] [           main] o.s.jdbc.core.JdbcTemplate               : Executing prepared SQL update
2026-09-23T11:21:52.495Z DEBUG 14104 --- [cached-catalog] [           main] o.s.jdbc.core.JdbcTemplate               : Executing prepared SQL statement [insert into products(id,sku,name,category,price_cents,stock) values (?,?,?,?,?,?)]
2026-09-23T11:21:52.495Z DEBUG 14104 --- [cached-catalog] [           main] o.s.jdbc.core.JdbcTemplate               : Executing prepared SQL update
2026-09-23T11:21:52.495Z DEBUG 14104 --- [cached-catalog] [           main] o.s.jdbc.core.JdbcTemplate               : Executing prepared SQL statement [insert into products(id,sku,name,category,price_cents,stock) values (?,?,?,?,?,?)]
2026-09-23T11:21:52.495Z DEBUG 14104 --- [cached-catalog] [           main] o.s.jdbc.core.JdbcTemplate               : Executing prepared SQL update
2026-09-23T11:21:52.495Z DEBUG 14104 --- [cached-catalog] [           main] o.s.jdbc.core.JdbcTemplate               : Executing prepared SQL statement [insert into products(id,sku,name,category,price_cents,stock) values (?,?,?,?,?,?)]
2026-09-23T11:21:52.495Z DEBUG 14104 --- [cached-catalog] [           main] o.s.jdbc.core.JdbcTemplate               : Executing prepared SQL update
2026-09-23T11:21:52.495Z DEBUG 14104 --- [cached-catalog] [           main] o.s.jdbc.core.JdbcTemplate               : Executing prepared SQL statement [insert into products(id,sku,name,category,price_cents,stock) values (?,?,?,?,?,?)]
2026-09-23T11:21:52.495Z DEBUG 14104 --- [cached-catalog] [           main] o.s.jdbc.core.JdbcTemplate               : Executing prepared SQL update
2026-09-23T11:21:52.495Z DEBUG 14104 --- [cached-catalog] [           main] o.s.jdbc.core.JdbcTemplate               : Executing prepared SQL statement [insert into products(id,sku,name,category,price_cents,stock) values (?,?,?,?,?,?)]
2026-09-23T11:21:52.495Z DEBUG 14104 --- [cached-catalog] [           main] o.s.jdbc.core.JdbcTemplate               : Executing prepared SQL update
2026-09-23T11:21:52.495Z DEBUG 14104 --- [cached-catalog] [           main] o.s.jdbc.core.JdbcTemplate               : Executing prepared SQL statement [insert into products(id,sku,name,category,price_cents,stock) values (?,?,?,?,?,?)]
2026-09-23T11:21:52.495Z DEBUG 14104 --- [cached-catalog] [           main] o.s.jdbc.core.JdbcTemplate               : Executing prepared SQL update
2026-09-23T11:21:52.495Z DEBUG 14104 --- [cached-catalog] [           main] o.s.jdbc.core.JdbcTemplate               : Executing prepared SQL statement [insert into products(id,sku,name,category,price_cents,stock) values (?,?,?,?,?,?)]
2026-09-23T11:21:52.495Z DEBUG 14104 --- [cached-catalog] [           main] o.s.jdbc.core.JdbcTemplate               : Executing prepared SQL update
2026-09-23T11:21:52.495Z DEBUG 14104 --- [cached-catalog] [           main] o.s.jdbc.core.JdbcTemplate               : Executing prepared SQL statement [insert into products(id,sku,name,category,price_cents,stock) values (?,?,?,?,?,?)]
2026-09-23T11:21:52.495Z DEBUG 14104 --- [cached-catalog] [           main] s.w.s.m.m.a.RequestMappingHandlerMapping : Mapped to dev.practice.assessment02.controller.ProductSearchController#search(Map)
2026-09-23T11:21:52.497Z DEBUG 14104 --- [cached-catalog] [           main] org.hibernate.SQL                        : select p1_0.id,p1_0.category,p1_0.name,p1_0.price_cents,p1_0.sku,p1_0.stock from products p1_0 where lower(p1_0.category)=? order by p1_0.price_cents,p1_0.id offset ? rows fetch first ? rows only
2026-09-23T11:21:52.497Z DEBUG 14104 --- [cached-catalog] [           main] org.hibernate.SQL                        : select count(p1_0.id) from products p1_0 where lower(p1_0.category)=?
2026-09-23T11:21:52.497Z DEBUG 14104 --- [cached-catalog] [           main] m.m.a.RequestResponseBodyMethodProcessor : Using 'application/json', given [*/*] and supported [application/json, application/*+json]
2026-09-23T11:21:52.497Z DEBUG 14104 --- [cached-catalog] [           main] m.m.a.RequestResponseBodyMethodProcessor : Writing [CatalogPageResponse[content=[ProductResponse[id=110, sku=CB-01, name=USB-C Cable, category=electroni (truncated)...]
2026-09-23T11:21:52.497Z DEBUG 14104 --- [cached-catalog] [           main] s.w.s.m.m.a.RequestMappingHandlerMapping : Mapped to dev.practice.assessment02.controller.ProductSearchController#search(Map)
2026-09-23T11:21:52.502Z DEBUG 14104 --- [cached-catalog] [           main] org.hibernate.SQL                        : select p1_0.id,p1_0.category,p1_0.name,p1_0.price_cents,p1_0.sku,p1_0.stock from products p1_0 where lower(p1_0.category)=? order by p1_0.price_cents,p1_0.id offset ? rows fetch first ? rows only
2026-09-23T11:21:52.502Z DEBUG 14104 --- [cached-catalog] [           main] org.hibernate.SQL                        : select count(p1_0.id) from products p1_0 where lower(p1_0.category)=?
2026-09-23T11:21:52.502Z DEBUG 14104 --- [cached-catalog] [           main] m.m.a.RequestResponseBodyMethodProcessor : Using 'application/json', given [*/*] and supported [application/json, application/*+json]
2026-09-23T11:21:52.502Z DEBUG 14104 --- [cached-catalog] [           main] m.m.a.RequestResponseBodyMethodProcessor : Writing [CatalogPageResponse[content=[ProductResponse[id=112, sku=KB-03, name=Keyboard Cover, category=access (truncated)...]
2026-09-23T11:21:52.502Z DEBUG 14104 --- [cached-catalog] [           main] s.w.s.m.m.a.RequestMappingHandlerMapping : Mapped to dev.practice.assessment02.controller.ProductWriteController#update(long, UpdateProductRequest)
2026-09-23T11:21:52.502Z DEBUG 14104 --- [cached-catalog] [           main] m.m.a.RequestResponseBodyMethodProcessor : Read "application/json;charset=UTF-8" to [UpdateProductRequest[name= Wireless Mouse , category= Accessories , priceCents=3000, stock=0]]
2026-09-23T11:21:52.502Z DEBUG 14104 --- [cached-catalog] [           main] org.hibernate.SQL                        : select p1_0.id,p1_0.category,p1_0.name,p1_0.price_cents,p1_0.sku,p1_0.stock from products p1_0 where p1_0.id=?
2026-09-23T11:21:52.502Z DEBUG 14104 --- [cached-catalog] [           main] org.hibernate.SQL                        : select p1_0.id,p1_0.category,p1_0.name,p1_0.price_cents,p1_0.sku,p1_0.stock from products p1_0 where p1_0.id=?
2026-09-23T11:21:52.514Z DEBUG 14104 --- [cached-catalog] [           main] org.hibernate.SQL                        : update products set category=?,name=?,price_cents=?,sku=?,stock=? where id=?
2026-09-23T11:21:52.514Z DEBUG 14104 --- [cached-catalog] [           main] m.m.a.RequestResponseBodyMethodProcessor : Using 'application/json', given [*/*] and supported [application/json, application/*+json]
2026-09-23T11:21:52.514Z DEBUG 14104 --- [cached-catalog] [           main] m.m.a.RequestResponseBodyMethodProcessor : Writing [ProductResponse[id=103, sku=MS-01, name=Wireless Mouse, category=accessories, priceCents=3000, stock (truncated)...]
2026-09-23T11:21:52.521Z DEBUG 14104 --- [cached-catalog] [           main] o.s.jdbc.core.JdbcTemplate               : Executing SQL query [select * from products where id=103]
2026-09-23T11:21:52.521Z DEBUG 14104 --- [cached-catalog] [           main] s.w.s.m.m.a.RequestMappingHandlerMapping : Mapped to dev.practice.assessment02.controller.ProductSearchController#search(Map)
2026-09-23T11:21:52.521Z DEBUG 14104 --- [cached-catalog] [           main] org.hibernate.SQL                        : select p1_0.id,p1_0.category,p1_0.name,p1_0.price_cents,p1_0.sku,p1_0.stock from products p1_0 where lower(p1_0.category)=? order by p1_0.price_cents,p1_0.id offset ? rows fetch first ? rows only
2026-09-23T11:21:52.521Z DEBUG 14104 --- [cached-catalog] [           main] org.hibernate.SQL                        : select count(p1_0.id) from products p1_0 where lower(p1_0.category)=?
2026-09-23T11:21:52.521Z DEBUG 14104 --- [cached-catalog] [           main] m.m.a.RequestResponseBodyMethodProcessor : Using 'application/json', given [*/*] and supported [application/json, application/*+json]
2026-09-23T11:21:52.521Z DEBUG 14104 --- [cached-catalog] [           main] m.m.a.RequestResponseBodyMethodProcessor : Writing [CatalogPageResponse[content=[ProductResponse[id=110, sku=CB-01, name=USB-C Cable, category=electroni (truncated)...]
2026-09-23T11:21:52.521Z DEBUG 14104 --- [cached-catalog] [           main] s.w.s.m.m.a.RequestMappingHandlerMapping : Mapped to dev.practice.assessment02.controller.ProductSearchController#search(Map)
2026-09-23T11:21:52.521Z DEBUG 14104 --- [cached-catalog] [           main] org.hibernate.SQL                        : select p1_0.id,p1_0.category,p1_0.name,p1_0.price_cents,p1_0.sku,p1_0.stock from products p1_0 where lower(p1_0.category)=? order by p1_0.price_cents,p1_0.id offset ? rows fetch first ? rows only
2026-09-23T11:21:52.521Z DEBUG 14104 --- [cached-catalog] [           main] org.hibernate.SQL                        : select count(p1_0.id) from products p1_0 where lower(p1_0.category)=?
2026-09-23T11:21:52.521Z DEBUG 14104 --- [cached-catalog] [           main] m.m.a.RequestResponseBodyMethodProcessor : Using 'application/json', given [*/*] and supported [application/json, application/*+json]
2026-09-23T11:21:52.521Z DEBUG 14104 --- [cached-catalog] [           main] m.m.a.RequestResponseBodyMethodProcessor : Writing [CatalogPageResponse[content=[ProductResponse[id=112, sku=KB-03, name=Keyboard Cover, category=access (truncated)...]
]]></system-out>
  </testcase>
  <testcase name="a2_15" classname="dev.practice.assessment02.contract.CatalogPublicContractTest" time="0.007">
    <system-out><![CDATA[2026-09-23T11:21:52.531Z DEBUG 14104 --- [cached-catalog] [           main] o.s.jdbc.core.JdbcTemplate               : Executing SQL update [delete from products]
2026-09-23T11:21:52.531Z DEBUG 14104 --- [cached-catalog] [           main] o.s.jdbc.core.JdbcTemplate               : Executing prepared SQL update
2026-09-23T11:21:52.531Z DEBUG 14104 --- [cached-catalog] [           main] o.s.jdbc.core.JdbcTemplate               : Executing prepared SQL statement [insert into products(id,sku,name,category,price_cents,stock) values (?,?,?,?,?,?)]
2026-09-23T11:21:52.531Z DEBUG 14104 --- [cached-catalog] [           main] o.s.jdbc.core.JdbcTemplate               : Executing prepared SQL update
2026-09-23T11:21:52.531Z DEBUG 14104 --- [cached-catalog] [           main] o.s.jdbc.core.JdbcTemplate               : Executing prepared SQL statement [insert into products(id,sku,name,category,price_cents,stock) values (?,?,?,?,?,?)]
2026-09-23T11:21:52.531Z DEBUG 14104 --- [cached-catalog] [           main] o.s.jdbc.core.JdbcTemplate               : Executing prepared SQL update
2026-09-23T11:21:52.531Z DEBUG 14104 --- [cached-catalog] [           main] o.s.jdbc.core.JdbcTemplate               : Executing prepared SQL statement [insert into products(id,sku,name,category,price_cents,stock) values (?,?,?,?,?,?)]
2026-09-23T11:21:52.531Z DEBUG 14104 --- [cached-catalog] [           main] o.s.jdbc.core.JdbcTemplate               : Executing prepared SQL update
2026-09-23T11:21:52.531Z DEBUG 14104 --- [cached-catalog] [           main] o.s.jdbc.core.JdbcTemplate               : Executing prepared SQL statement [insert into products(id,sku,name,category,price_cents,stock) values (?,?,?,?,?,?)]
2026-09-23T11:21:52.531Z DEBUG 14104 --- [cached-catalog] [           main] o.s.jdbc.core.JdbcTemplate               : Executing prepared SQL update
2026-09-23T11:21:52.531Z DEBUG 14104 --- [cached-catalog] [           main] o.s.jdbc.core.JdbcTemplate               : Executing prepared SQL statement [insert into products(id,sku,name,category,price_cents,stock) values (?,?,?,?,?,?)]
2026-09-23T11:21:52.531Z DEBUG 14104 --- [cached-catalog] [           main] o.s.jdbc.core.JdbcTemplate               : Executing prepared SQL update
2026-09-23T11:21:52.531Z DEBUG 14104 --- [cached-catalog] [           main] o.s.jdbc.core.JdbcTemplate               : Executing prepared SQL statement [insert into products(id,sku,name,category,price_cents,stock) values (?,?,?,?,?,?)]
2026-09-23T11:21:52.531Z DEBUG 14104 --- [cached-catalog] [           main] o.s.jdbc.core.JdbcTemplate               : Executing prepared SQL update
2026-09-23T11:21:52.531Z DEBUG 14104 --- [cached-catalog] [           main] o.s.jdbc.core.JdbcTemplate               : Executing prepared SQL statement [insert into products(id,sku,name,category,price_cents,stock) values (?,?,?,?,?,?)]
2026-09-23T11:21:52.531Z DEBUG 14104 --- [cached-catalog] [           main] o.s.jdbc.core.JdbcTemplate               : Executing prepared SQL update
2026-09-23T11:21:52.531Z DEBUG 14104 --- [cached-catalog] [           main] o.s.jdbc.core.JdbcTemplate               : Executing prepared SQL statement [insert into products(id,sku,name,category,price_cents,stock) values (?,?,?,?,?,?)]
2026-09-23T11:21:52.531Z DEBUG 14104 --- [cached-catalog] [           main] o.s.jdbc.core.JdbcTemplate               : Executing prepared SQL update
2026-09-23T11:21:52.531Z DEBUG 14104 --- [cached-catalog] [           main] o.s.jdbc.core.JdbcTemplate               : Executing prepared SQL statement [insert into products(id,sku,name,category,price_cents,stock) values (?,?,?,?,?,?)]
2026-09-23T11:21:52.531Z DEBUG 14104 --- [cached-catalog] [           main] o.s.jdbc.core.JdbcTemplate               : Executing prepared SQL update
2026-09-23T11:21:52.531Z DEBUG 14104 --- [cached-catalog] [           main] o.s.jdbc.core.JdbcTemplate               : Executing prepared SQL statement [insert into products(id,sku,name,category,price_cents,stock) values (?,?,?,?,?,?)]
2026-09-23T11:21:52.531Z DEBUG 14104 --- [cached-catalog] [           main] o.s.jdbc.core.JdbcTemplate               : Executing prepared SQL update
2026-09-23T11:21:52.531Z DEBUG 14104 --- [cached-catalog] [           main] o.s.jdbc.core.JdbcTemplate               : Executing prepared SQL statement [insert into products(id,sku,name,category,price_cents,stock) values (?,?,?,?,?,?)]
2026-09-23T11:21:52.531Z DEBUG 14104 --- [cached-catalog] [           main] o.s.jdbc.core.JdbcTemplate               : Executing prepared SQL update
2026-09-23T11:21:52.531Z DEBUG 14104 --- [cached-catalog] [           main] o.s.jdbc.core.JdbcTemplate               : Executing prepared SQL statement [insert into products(id,sku,name,category,price_cents,stock) values (?,?,?,?,?,?)]
2026-09-23T11:21:52.531Z DEBUG 14104 --- [cached-catalog] [           main] o.s.jdbc.core.JdbcTemplate               : Executing SQL query [select * from products order by id]
2026-09-23T11:21:52.531Z DEBUG 14104 --- [cached-catalog] [           main] s.w.s.m.m.a.RequestMappingHandlerMapping : Mapped to dev.practice.assessment02.controller.ProductSearchController#search(Map)
2026-09-23T11:21:52.531Z DEBUG 14104 --- [cached-catalog] [           main] org.hibernate.SQL                        : select p1_0.id,p1_0.category,p1_0.name,p1_0.price_cents,p1_0.sku,p1_0.stock from products p1_0 where lower(p1_0.category)=? order by p1_0.price_cents,p1_0.id offset ? rows fetch first ? rows only
2026-09-23T11:21:52.531Z DEBUG 14104 --- [cached-catalog] [           main] org.hibernate.SQL                        : select count(p1_0.id) from products p1_0 where lower(p1_0.category)=?
2026-09-23T11:21:52.531Z DEBUG 14104 --- [cached-catalog] [           main] m.m.a.RequestResponseBodyMethodProcessor : Using 'application/json', given [*/*] and supported [application/json, application/*+json]
2026-09-23T11:21:52.531Z DEBUG 14104 --- [cached-catalog] [           main] m.m.a.RequestResponseBodyMethodProcessor : Writing [CatalogPageResponse[content=[ProductResponse[id=110, sku=CB-01, name=USB-C Cable, category=electroni (truncated)...]
2026-09-23T11:21:52.531Z DEBUG 14104 --- [cached-catalog] [           main] s.w.s.m.m.a.RequestMappingHandlerMapping : Mapped to dev.practice.assessment02.controller.ProductWriteController#update(long, UpdateProductRequest)
2026-09-23T11:21:52.535Z DEBUG 14104 --- [cached-catalog] [           main] m.m.a.RequestResponseBodyMethodProcessor : Read "application/json;charset=UTF-8" to [UpdateProductRequest[name=Wireless Mouse, category=electronics, priceCents=2500, stock=8]]
2026-09-23T11:21:52.535Z DEBUG 14104 --- [cached-catalog] [           main] org.hibernate.SQL                        : select p1_0.id,p1_0.category,p1_0.name,p1_0.price_cents,p1_0.sku,p1_0.stock from products p1_0 where p1_0.id=?
2026-09-23T11:21:52.535Z DEBUG 14104 --- [cached-catalog] [           main] .m.m.a.ExceptionHandlerExceptionResolver : Using @ExceptionHandler dev.practice.assessment02.error.ApiExceptionHandler#domain(ApiException, HttpServletRequest)
2026-09-23T11:21:52.535Z DEBUG 14104 --- [cached-catalog] [           main] o.s.w.s.m.m.a.HttpEntityMethodProcessor  : Using 'application/json', given [*/*] and supported [application/json, application/*+json]
2026-09-23T11:21:52.535Z DEBUG 14104 --- [cached-catalog] [           main] o.s.w.s.m.m.a.HttpEntityMethodProcessor  : Writing [ApiError[status=404, code=NOT_FOUND, message=Product not found, path=/api/products/9999]]
2026-09-23T11:21:52.535Z DEBUG 14104 --- [cached-catalog] [           main] .m.m.a.ExceptionHandlerExceptionResolver : Resolved [dev.practice.assessment02.error.ProductNotFoundException: Product not found]
2026-09-23T11:21:52.535Z DEBUG 14104 --- [cached-catalog] [           main] s.w.s.m.m.a.RequestMappingHandlerMapping : Mapped to dev.practice.assessment02.controller.ProductWriteController#update(long, UpdateProductRequest)
2026-09-23T11:21:52.535Z DEBUG 14104 --- [cached-catalog] [           main] m.m.a.RequestResponseBodyMethodProcessor : Read "application/json;charset=UTF-8" to [UpdateProductRequest[name=Wireless Mouse, category=electronics, priceCents=2500, stock=-1]]
2026-09-23T11:21:52.535Z DEBUG 14104 --- [cached-catalog] [           main] .m.m.a.ExceptionHandlerExceptionResolver : Using @ExceptionHandler dev.practice.assessment02.error.ApiExceptionHandler#domain(ApiException, HttpServletRequest)
2026-09-23T11:21:52.535Z DEBUG 14104 --- [cached-catalog] [           main] o.s.w.s.m.m.a.HttpEntityMethodProcessor  : Using 'application/json', given [*/*] and supported [application/json, application/*+json]
2026-09-23T11:21:52.535Z DEBUG 14104 --- [cached-catalog] [           main] o.s.w.s.m.m.a.HttpEntityMethodProcessor  : Writing [ApiError[status=400, code=INVALID_REQUEST, message=Invalid price or stock, path=/api/products/103]]
2026-09-23T11:21:52.535Z DEBUG 14104 --- [cached-catalog] [           main] .m.m.a.ExceptionHandlerExceptionResolver : Resolved [dev.practice.assessment02.error.InvalidRequestException: Invalid price or stock]
2026-09-23T11:21:52.535Z DEBUG 14104 --- [cached-catalog] [           main] o.s.jdbc.core.JdbcTemplate               : Executing SQL query [select * from products order by id]
2026-09-23T11:21:52.535Z DEBUG 14104 --- [cached-catalog] [           main] s.w.s.m.m.a.RequestMappingHandlerMapping : Mapped to dev.practice.assessment02.controller.ProductSearchController#search(Map)
2026-09-23T11:21:52.535Z DEBUG 14104 --- [cached-catalog] [           main] m.m.a.RequestResponseBodyMethodProcessor : Using 'application/json', given [*/*] and supported [application/json, application/*+json]
2026-09-23T11:21:52.535Z DEBUG 14104 --- [cached-catalog] [           main] m.m.a.RequestResponseBodyMethodProcessor : Writing [CatalogPageResponse[content=[ProductResponse[id=110, sku=CB-01, name=USB-C Cable, category=electroni (truncated)...]
]]></system-out>
  </testcase>
</testsuite>